2023-03-13 10:59:35,212 [INFO] Activator:176 - 


2023-03-13 10:59:35,214 [INFO] Activator:177 - !SESSION log4j initialized
2023-03-13 10:59:36,945 [ERROR] LogOutputStream:75 - [STDERR_REDIRECT] 
2023-03-13 10:59:39,179 [INFO] LogOutputStream:77 - [STDOUT_REDIRECT] 
2023-03-13 10:59:51,713 [INFO] McuFinderGlobals:53 - Set McuFinder mode to 2 (CubeIDE integrated)
2023-03-13 10:59:51,913 [INFO] ApplicationProperties:184 - Using Application install path: /Applications/STM32CubeIDE.app/Contents/Eclipse/plugins/com.st.stm32cube.common.mx_6.8.0.202302231600
2023-03-13 10:59:51,931 [INFO] DbMcusXml:78 - Set database path to: /Applications/STM32CubeIDE.app/Contents/Eclipse/plugins/com.st.stm32cube.common.mx_6.8.0.202302231600//db//mcu/
2023-03-13 10:59:51,934 [INFO] ApiDb:274 - Set plugin database path to: /Applications/STM32CubeIDE.app/Contents/Eclipse/plugins/com.st.stm32cube.common.mx_6.8.0.202302231600//db//plugins/boardmanager/
2023-03-13 10:59:51,938 [WARN] ApiDb:259 - Overriding images path with different value:  => /Applications/STM32CubeIDE.app/Contents/Eclipse/plugins/com.st.stm32cube.common.mx_6.8.0.202302231600//db//plugins/mcufinder/images/
2023-03-13 10:59:51,983 [INFO] ApiDb:250 - Set database path to: /Users/dominikpapp/.stmcufinder/plugins/mcufinder//mcu/
2023-03-13 10:59:51,985 [INFO] DbMcusAds:125 - Set database path to: /Users/dominikpapp/.stmcufinder/plugins/mcufinder//mcu/
2023-03-13 10:59:51,989 [INFO] CrossReferenceDbSqlite:203 - Set database path to: /Users/dominikpapp/.stmcufinder/plugins/mcufinder//mcu/cs/
2023-03-13 10:59:52,155 [INFO] RulesReader:64 - Compatibility file has been processed (293 Rules)
2023-03-13 10:59:52,238 [INFO] DbMcusXml:78 - Set database path to: /Applications/STM32CubeIDE.app/Contents/Eclipse/plugins/com.st.stm32cube.common.mx_6.8.0.202302231600//db//mcu/
2023-03-13 10:59:52,239 [INFO] ApiDb:274 - Set plugin database path to: /Applications/STM32CubeIDE.app/Contents/Eclipse/plugins/com.st.stm32cube.common.mx_6.8.0.202302231600//db//plugins/boardmanager/
2023-03-13 10:59:52,243 [INFO] ApiDb:261 - Set plugin images path to: /Applications/STM32CubeIDE.app/Contents/Eclipse/plugins/com.st.stm32cube.common.mx_6.8.0.202302231600//db//plugins/mcufinder/images/
2023-03-13 10:59:52,244 [WARN] DbFile:41 - Overriding database path with different value: /Users/dominikpapp/.stmcufinder/plugins/mcufinder/ => /Users/dominikpapp/.stmcufinder/plugins/mcufinder
2023-03-13 10:59:52,244 [INFO] ApiDb:250 - Set database path to: /Users/dominikpapp/.stmcufinder/plugins/mcufinder//mcu/
2023-03-13 10:59:52,244 [WARN] DbFile:41 - Overriding database path with different value: /Users/dominikpapp/.stmcufinder/plugins/mcufinder/ => /Users/dominikpapp/.stmcufinder/plugins/mcufinder
2023-03-13 10:59:52,244 [INFO] DbMcusAds:125 - Set database path to: /Users/dominikpapp/.stmcufinder/plugins/mcufinder//mcu/
2023-03-13 10:59:52,244 [WARN] DbFile:41 - Overriding database path with different value: /Users/dominikpapp/.stmcufinder/plugins/mcufinder/ => /Users/dominikpapp/.stmcufinder/plugins/mcufinder
2023-03-13 10:59:52,244 [WARN] DbFile:41 - Overriding database path with different value: /Users/dominikpapp/.stmcufinder/plugins/mcufinder/ => /Users/dominikpapp/.stmcufinder/plugins/mcufinder
2023-03-13 10:59:52,244 [INFO] CrossReferenceDbSqlite:203 - Set database path to: /Users/dominikpapp/.stmcufinder/plugins/mcufinder//mcu/cs/
2023-03-13 10:59:52,351 [INFO] MainPanel:253 - HeapMemory: 268435456
2023-03-13 10:59:52,458 [INFO] DbMcusXml:78 - Set database path to: /Applications/STM32CubeIDE.app/Contents/Eclipse/plugins/com.st.stm32cube.common.mx_6.8.0.202302231600//db//mcu/
2023-03-13 10:59:52,458 [INFO] ApiDb:274 - Set plugin database path to: /Applications/STM32CubeIDE.app/Contents/Eclipse/plugins/com.st.stm32cube.common.mx_6.8.0.202302231600//db//plugins/boardmanager/
2023-03-13 10:59:52,458 [INFO] ApiDb:261 - Set plugin images path to: /Applications/STM32CubeIDE.app/Contents/Eclipse/plugins/com.st.stm32cube.common.mx_6.8.0.202302231600//db//plugins/mcufinder/images/
2023-03-13 10:59:52,458 [WARN] DbFile:41 - Overriding database path with different value: /Users/dominikpapp/.stmcufinder/plugins/mcufinder/ => /Users/dominikpapp/.stmcufinder/plugins/mcufinder
2023-03-13 10:59:52,459 [INFO] ApiDb:250 - Set database path to: /Users/dominikpapp/.stmcufinder/plugins/mcufinder//mcu/
2023-03-13 10:59:52,459 [WARN] DbFile:41 - Overriding database path with different value: /Users/dominikpapp/.stmcufinder/plugins/mcufinder/ => /Users/dominikpapp/.stmcufinder/plugins/mcufinder
2023-03-13 10:59:52,459 [INFO] DbMcusAds:125 - Set database path to: /Users/dominikpapp/.stmcufinder/plugins/mcufinder//mcu/
2023-03-13 10:59:52,459 [WARN] DbFile:41 - Overriding database path with different value: /Users/dominikpapp/.stmcufinder/plugins/mcufinder/ => /Users/dominikpapp/.stmcufinder/plugins/mcufinder
2023-03-13 10:59:52,459 [WARN] DbFile:41 - Overriding database path with different value: /Users/dominikpapp/.stmcufinder/plugins/mcufinder/ => /Users/dominikpapp/.stmcufinder/plugins/mcufinder
2023-03-13 10:59:52,459 [INFO] CrossReferenceDbSqlite:203 - Set database path to: /Users/dominikpapp/.stmcufinder/plugins/mcufinder//mcu/cs/
2023-03-13 10:59:52,489 [INFO] ApplicationProperties:184 - Using Application install path: /Applications/STM32CubeIDE.app/Contents/Eclipse/plugins/com.st.stm32cube.common.mx_6.8.0.202302231600
2023-03-13 10:59:52,491 [INFO] PluginManage:196 - Search for loadable plugins [exclusion list=, ]
2023-03-13 10:59:52,495 [INFO] PluginManage:310 - Check plugin analytics
2023-03-13 10:59:52,765 [INFO] AnalyticsPlugin:253 - Accepted Software Licenses: 
2023-03-13 10:59:52,766 [INFO] AnalyticsPlugin:255 - Accepted CMSIS Pack Licenses: 
2023-03-13 10:59:52,767 [INFO] AnalyticsPlugin:257 - Accepted Firmware Licenses: FW.H7.1.11.0
2023-03-13 10:59:52,788 [INFO] PluginManage:359 - Loaded plugin analytics (category:tool,tabindex:-1)
2023-03-13 10:59:52,790 [INFO] PluginManage:310 - Check plugin cadmodel
2023-03-13 10:59:53,283 [INFO] CADModel:105 - Init CAD model plugin
2023-03-13 10:59:53,284 [INFO] PluginManage:359 - Loaded plugin cadmodel (category:power,tabindex:5)
2023-03-13 10:59:53,286 [INFO] PluginManage:310 - Check plugin clock
2023-03-13 10:59:53,301 [INFO] PluginManage:359 - Loaded plugin clock (category:base,tabindex:2)
2023-03-13 10:59:53,302 [INFO] PluginManage:310 - Check plugin ddr
2023-03-13 10:59:53,304 [INFO] PluginManage:359 - Loaded plugin ddr (category:tool,tabindex:6)
2023-03-13 10:59:53,304 [INFO] PluginManage:310 - Check plugin filemanager
2023-03-13 10:59:53,473 [INFO] PluginManage:359 - Loaded plugin filemanager (category:base,tabindex:10)
2023-03-13 10:59:53,473 [INFO] PluginManage:310 - Check plugin ipmanager
2023-03-13 10:59:53,488 [INFO] PluginManage:359 - Loaded plugin ipmanager (category:base,tabindex:5)
2023-03-13 10:59:53,489 [INFO] PluginManage:310 - Check plugin lpbam
2023-03-13 10:59:53,500 [INFO] PluginManage:359 - Loaded plugin lpbam (category:base,tabindex:0)
2023-03-13 10:59:53,500 [INFO] PluginManage:310 - Check plugin pinoutandconfiguration
2023-03-13 10:59:53,507 [INFO] PluginManage:359 - Loaded plugin pinoutandconfiguration (category:base,tabindex:1)
2023-03-13 10:59:53,507 [INFO] PluginManage:310 - Check plugin pinoutconfig
2023-03-13 10:59:53,593 [WARN] SupportedApi:132 - Cannot load RTOS API schema: s4s-elt-must-match.1: The content of 'definitions' must match (annotation?, (simpleType | complexType)?, (unique | key | keyref)*)). A problem was found starting at: attribute.
2023-03-13 10:59:53,824 [INFO] PluginManage:359 - Loaded plugin pinoutconfig (category:base,tabindex:0)
2023-03-13 10:59:53,825 [INFO] PluginManage:310 - Check plugin power
2023-03-13 10:59:53,842 [INFO] PluginManage:359 - Loaded plugin power (category:power,tabindex:4)
2023-03-13 10:59:53,842 [INFO] PluginManage:310 - Check plugin projectmanager
2023-03-13 10:59:53,870 [INFO] PluginManage:359 - Loaded plugin projectmanager (category:projectmanager,tabindex:3)
2023-03-13 10:59:53,870 [INFO] PluginManage:310 - Check plugin thirdparty
2023-03-13 10:59:54,033 [INFO] PluginManage:359 - Loaded plugin thirdparty (category:base,tabindex:-1)
2023-03-13 10:59:54,033 [WARN] IntegrityCheckThread:84 - waiting for thirdparty lock release [integrity check]
2023-03-13 10:59:54,034 [INFO] PluginManage:310 - Check plugin tools
2023-03-13 10:59:54,034 [INFO] IntegrityCheckThread:86 - entering critical section [integrity check]
2023-03-13 10:59:54,039 [INFO] PluginManage:359 - Loaded plugin tools (category:base,tabindex:7)
2023-03-13 10:59:54,040 [INFO] PluginManage:310 - Check plugin tutovideos
2023-03-13 10:59:54,041 [INFO] ThirdPartyUpdaterWithRetryManager:70 - Updater plugin not ready yet. [1/15]
2023-03-13 10:59:54,259 [INFO] PluginManage:359 - Loaded plugin tutovideos (category:base,tabindex:-1)
2023-03-13 10:59:54,260 [INFO] PluginManage:310 - Check plugin updater
2023-03-13 10:59:54,286 [INFO] PluginManage:359 - Loaded plugin updater (category:base,tabindex:12)
2023-03-13 10:59:54,287 [INFO] PluginManage:283 - PluginManage : Loaded plugins [15]
2023-03-13 10:59:54,619 [INFO] PinOutPanel:1499 - setPackage(No Configuration,No Configuration)
2023-03-13 10:59:54,703 [INFO] CADModel:165 - CPN selected for project level
2023-03-13 10:59:54,703 [INFO] CADModel:114 - Register for checkConnection events
2023-03-13 10:59:54,719 [INFO] IPUIPlugin:80 - create IPUIPlugin
2023-03-13 10:59:54,719 [INFO] PluginManager:220 - loadIPPluginJar : add mdma
2023-03-13 10:59:54,726 [INFO] IPUIPlugin:80 - create IPUIPlugin
2023-03-13 10:59:54,726 [INFO] PluginManager:220 - loadIPPluginJar : add freertos
2023-03-13 10:59:54,730 [INFO] IPUIPlugin:80 - create IPUIPlugin
2023-03-13 10:59:54,730 [INFO] PluginManager:220 - loadIPPluginJar : add gic
2023-03-13 10:59:54,738 [INFO] IPUIPlugin:80 - create IPUIPlugin
2023-03-13 10:59:54,738 [INFO] PluginManager:220 - loadIPPluginJar : add adc
2023-03-13 10:59:54,741 [INFO] IPUIPlugin:80 - create IPUIPlugin
2023-03-13 10:59:54,741 [INFO] PluginManager:220 - loadIPPluginJar : add gtzc
2023-03-13 10:59:54,743 [INFO] IPUIPlugin:80 - create IPUIPlugin
2023-03-13 10:59:54,743 [INFO] PluginManager:220 - loadIPPluginJar : add quadspi
2023-03-13 10:59:54,746 [INFO] IPUIPlugin:80 - create IPUIPlugin
2023-03-13 10:59:54,746 [INFO] PluginManager:220 - loadIPPluginJar : add aes
2023-03-13 10:59:54,751 [INFO] IPUIPlugin:80 - create IPUIPlugin
2023-03-13 10:59:54,751 [INFO] PluginManager:220 - loadIPPluginJar : add pdm2pcm
2023-03-13 10:59:54,753 [INFO] IPUIPlugin:80 - create IPUIPlugin
2023-03-13 10:59:54,753 [INFO] PluginManager:220 - loadIPPluginJar : add hash
2023-03-13 10:59:54,755 [INFO] IPUIPlugin:80 - create IPUIPlugin
2023-03-13 10:59:54,755 [INFO] PluginManager:220 - loadIPPluginJar : add tim
2023-03-13 10:59:54,756 [INFO] IPUIPlugin:80 - create IPUIPlugin
2023-03-13 10:59:54,756 [INFO] PluginManager:220 - loadIPPluginJar : add tsc
2023-03-13 10:59:54,758 [INFO] IPUIPlugin:80 - create IPUIPlugin
2023-03-13 10:59:54,758 [INFO] PluginManager:220 - loadIPPluginJar : add ts
2023-03-13 10:59:54,761 [INFO] IPUIPlugin:80 - create IPUIPlugin
2023-03-13 10:59:54,761 [INFO] PluginManager:220 - loadIPPluginJar : add can
2023-03-13 10:59:54,762 [INFO] IPUIPlugin:80 - create IPUIPlugin
2023-03-13 10:59:54,762 [INFO] PluginManager:220 - loadIPPluginJar : add dma3
2023-03-13 10:59:54,764 [INFO] IPUIPlugin:80 - create IPUIPlugin
2023-03-13 10:59:54,764 [INFO] PluginManager:220 - loadIPPluginJar : add dfsdm
2023-03-13 10:59:54,765 [INFO] IPUIPlugin:80 - create IPUIPlugin
2023-03-13 10:59:54,766 [INFO] PluginManager:220 - loadIPPluginJar : add spi
2023-03-13 10:59:54,768 [INFO] IPUIPlugin:80 - create IPUIPlugin
2023-03-13 10:59:54,769 [INFO] PluginManager:220 - loadIPPluginJar : add gfxmmu
2023-03-13 10:59:54,770 [INFO] IPUIPlugin:80 - create IPUIPlugin
2023-03-13 10:59:54,770 [INFO] PluginManager:220 - loadIPPluginJar : add genericplugin
2023-03-13 10:59:54,772 [INFO] IPUIPlugin:80 - create IPUIPlugin
2023-03-13 10:59:54,772 [INFO] PluginManager:220 - loadIPPluginJar : add cryp
2023-03-13 10:59:54,775 [INFO] IPUIPlugin:80 - create IPUIPlugin
2023-03-13 10:59:54,776 [INFO] PluginManager:220 - loadIPPluginJar : add gpio
2023-03-13 10:59:54,777 [INFO] IPUIPlugin:80 - create IPUIPlugin
2023-03-13 10:59:54,777 [INFO] PluginManager:220 - loadIPPluginJar : add comp
2023-03-13 10:59:54,779 [INFO] IPUIPlugin:80 - create IPUIPlugin
2023-03-13 10:59:54,779 [INFO] PluginManager:220 - loadIPPluginJar : add tracer_emb
2023-03-13 10:59:54,782 [INFO] IPUIPlugin:80 - create IPUIPlugin
2023-03-13 10:59:54,783 [INFO] PluginManager:220 - loadIPPluginJar : add openamp
2023-03-13 10:59:54,788 [INFO] IPUIPlugin:80 - create IPUIPlugin
2023-03-13 10:59:54,788 [INFO] PluginManager:220 - loadIPPluginJar : add stm32_wpan
2023-03-13 10:59:54,795 [INFO] IPUIPlugin:80 - create IPUIPlugin
2023-03-13 10:59:54,799 [INFO] PluginManager:220 - loadIPPluginJar : add plateformsettings
2023-03-13 10:59:54,803 [INFO] IPUIPlugin:80 - create IPUIPlugin
2023-03-13 10:59:54,804 [INFO] PluginManager:220 - loadIPPluginJar : add ipddr
2023-03-13 10:59:54,807 [INFO] IPUIPlugin:80 - create IPUIPlugin
2023-03-13 10:59:54,807 [INFO] PluginManager:220 - loadIPPluginJar : add usart
2023-03-13 10:59:54,809 [INFO] IPUIPlugin:80 - create IPUIPlugin
2023-03-13 10:59:54,809 [INFO] PluginManager:220 - loadIPPluginJar : add ltdc
2023-03-13 10:59:54,811 [INFO] IPUIPlugin:80 - create IPUIPlugin
2023-03-13 10:59:54,811 [INFO] PluginManager:220 - loadIPPluginJar : add nvic
2023-03-13 10:59:54,813 [INFO] IPUIPlugin:80 - create IPUIPlugin
2023-03-13 10:59:54,814 [INFO] PluginManager:220 - loadIPPluginJar : add fatfs
2023-03-13 10:59:54,821 [INFO] IPUIPlugin:80 - create IPUIPlugin
2023-03-13 10:59:54,821 [INFO] PluginManager:220 - loadIPPluginJar : add linkedlist
2023-03-13 10:59:54,826 [INFO] IPUIPlugin:80 - create IPUIPlugin
2023-03-13 10:59:54,827 [INFO] PluginManager:220 - loadIPPluginJar : add dma
2023-03-13 10:59:54,829 [INFO] IPUIPlugin:80 - create IPUIPlugin
2023-03-13 10:59:54,830 [INFO] PluginManager:220 - loadIPPluginJar : add fmc
2023-03-13 10:59:54,831 [INFO] IPUIPlugin:80 - create IPUIPlugin
2023-03-13 10:59:54,831 [INFO] PluginManager:220 - loadIPPluginJar : add i2s
2023-03-13 10:59:54,832 [INFO] IPUIPlugin:80 - create IPUIPlugin
2023-03-13 10:59:54,832 [INFO] PluginManager:220 - loadIPPluginJar : add ucpd
2023-03-13 10:59:54,834 [INFO] IPUIPlugin:80 - create IPUIPlugin
2023-03-13 10:59:54,834 [INFO] PluginManager:220 - loadIPPluginJar : add lorawan
2023-03-13 10:59:54,836 [INFO] IPUIPlugin:80 - create IPUIPlugin
2023-03-13 10:59:54,836 [INFO] PluginManager:220 - loadIPPluginJar : add opamp
2023-03-13 10:59:54,841 [INFO] IPUIPlugin:80 - create IPUIPlugin
2023-03-13 10:59:54,842 [INFO] PluginManager:220 - loadIPPluginJar : add i3c
2023-03-13 10:59:54,845 [INFO] IPUIPlugin:80 - create IPUIPlugin
2023-03-13 10:59:54,845 [INFO] PluginManager:220 - loadIPPluginJar : add touchsensing
2023-03-13 10:59:54,847 [INFO] IPUIPlugin:80 - create IPUIPlugin
2023-03-13 10:59:54,847 [INFO] PluginManager:220 - loadIPPluginJar : add i2c
2023-03-13 10:59:54,851 [INFO] IPUIPlugin:80 - create IPUIPlugin
2023-03-13 10:59:54,852 [INFO] PluginManager:220 - loadIPPluginJar : add resmgrutility
2023-03-13 10:59:54,853 [INFO] IPUIPlugin:80 - create IPUIPlugin
2023-03-13 10:59:54,854 [INFO] PluginManager:220 - loadIPPluginJar : add sai
2023-03-13 10:59:54,855 [INFO] IPUIPlugin:80 - create IPUIPlugin
2023-03-13 10:59:54,856 [INFO] PluginManager:220 - loadIPPluginJar : add usbx
2023-03-13 10:59:54,993 [INFO] CADModel:165 - CPN selected for project level
2023-03-13 10:59:54,993 [INFO] CADModel:114 - Register for checkConnection events
2023-03-13 10:59:54,995 [FATAL] Updater:308 - Updater called before beeing initialized
2023-03-13 10:59:54,995 [ERROR] CADModel:125 - Updater not yet initialized, retry later 
2023-03-13 10:59:55,311 [INFO] CADModel:165 - CPN selected for project level
2023-03-13 10:59:55,311 [INFO] CADModel:114 - Register for checkConnection events
2023-03-13 10:59:55,311 [FATAL] Updater:308 - Updater called before beeing initialized
2023-03-13 10:59:55,311 [ERROR] CADModel:125 - Updater not yet initialized, retry later 
2023-03-13 10:59:55,315 [FATAL] Updater:308 - Updater called before beeing initialized
2023-03-13 10:59:55,734 [FATAL] Updater:308 - Updater called before beeing initialized
2023-03-13 10:59:55,757 [INFO] DbMcusAds:53 - JSON generation date=Tue Mar 07 09:50:55 CET 2023 (1678179055335)
2023-03-13 10:59:55,759 [FATAL] Updater:308 - Updater called before beeing initialized
2023-03-13 10:59:55,841 [WARN] DetailPanel:346 - Failed to get advertising image, set to default
2023-03-13 10:59:55,982 [FATAL] Updater:308 - Updater called before beeing initialized
2023-03-13 10:59:55,984 [FATAL] Updater:308 - Updater called before beeing initialized
2023-03-13 10:59:55,984 [FATAL] Updater:308 - Updater called before beeing initialized
2023-03-13 10:59:55,984 [WARN] DetailPanel:346 - Failed to get advertising image, set to default
2023-03-13 10:59:55,986 [FATAL] Updater:308 - Updater called before beeing initialized
2023-03-13 10:59:56,081 [ERROR] Updater:1120 - MainUpdater not yet initialized. External WinMGr cannot be set.
2023-03-13 10:59:56,185 [INFO] Updater:1056 - Updater Version found : 6.8.0
2023-03-13 10:59:56,204 [INFO] ApplicationProperties:184 - Using Application install path: /Applications/STM32CubeIDE.app/Contents/Eclipse/plugins/com.st.stm32cube.common.mx_6.8.0.202302231600
2023-03-13 10:59:56,487 [ERROR] LogOutputStream:75 - [STDERR_REDIRECT] java.net.BindException: Permission denied (Bind failed)
2023-03-13 10:59:56,487 [ERROR] LogOutputStream:75 - [STDERR_REDIRECT] 	at java.base/java.net.PlainDatagramSocketImpl.bind0(Native Method)
2023-03-13 10:59:56,488 [ERROR] LogOutputStream:75 - [STDERR_REDIRECT] 	at java.base/java.net.AbstractPlainDatagramSocketImpl.bind(AbstractPlainDatagramSocketImpl.java:135)
2023-03-13 10:59:56,488 [ERROR] LogOutputStream:75 - [STDERR_REDIRECT] 	at java.base/java.net.DatagramSocket.bind(DatagramSocket.java:394)
2023-03-13 10:59:56,489 [ERROR] LogOutputStream:75 - [STDERR_REDIRECT] 	at java.base/java.net.DatagramSocket.<init>(DatagramSocket.java:244)
2023-03-13 10:59:56,490 [ERROR] LogOutputStream:75 - [STDERR_REDIRECT] 	at java.base/java.net.DatagramSocket.<init>(DatagramSocket.java:301)
2023-03-13 10:59:56,490 [ERROR] LogOutputStream:75 - [STDERR_REDIRECT] 	at com.github.markusbernhardt.proxy.search.wpad.dhcp.DHCPSocket.<init>(DHCPSocket.java:62)
2023-03-13 10:59:56,491 [ERROR] LogOutputStream:75 - [STDERR_REDIRECT] 	at com.github.markusbernhardt.proxy.search.wpad.WpadProxySearchStrategy.checkDhcpAckForPAC(WpadProxySearchStrategy.java:213)
2023-03-13 10:59:56,495 [ERROR] LogOutputStream:75 - [STDERR_REDIRECT] 	at com.github.markusbernhardt.proxy.search.wpad.WpadProxySearchStrategy.detectScriptUrlPerDHCP(WpadProxySearchStrategy.java:193)
2023-03-13 10:59:56,495 [ERROR] LogOutputStream:75 - [STDERR_REDIRECT] 	at com.github.markusbernhardt.proxy.search.wpad.WpadProxySearchStrategy.getProxySelector(WpadProxySearchStrategy.java:70)
2023-03-13 10:59:56,495 [ERROR] LogOutputStream:75 - [STDERR_REDIRECT] 	at com.github.markusbernhardt.proxy.search.desktop.osx.OsxProxySearchStrategy.autodetectProxyIfAvailable(OsxProxySearchStrategy.java:303)
2023-03-13 10:59:56,496 [ERROR] LogOutputStream:75 - [STDERR_REDIRECT] 	at com.github.markusbernhardt.proxy.search.desktop.osx.OsxProxySearchStrategy.buildSelector(OsxProxySearchStrategy.java:165)
2023-03-13 10:59:56,496 [ERROR] LogOutputStream:75 - [STDERR_REDIRECT] 	at com.github.markusbernhardt.proxy.search.desktop.osx.OsxProxySearchStrategy.getProxySelector(OsxProxySearchStrategy.java:127)
2023-03-13 10:59:56,496 [ERROR] LogOutputStream:75 - [STDERR_REDIRECT] 	at com.github.markusbernhardt.proxy.search.desktop.DesktopProxySearchStrategy.getProxySelector(DesktopProxySearchStrategy.java:38)
2023-03-13 10:59:56,496 [ERROR] LogOutputStream:75 - [STDERR_REDIRECT] 	at com.github.markusbernhardt.proxy.search.browser.firefox.FirefoxProxySearchStrategy.getProxySelector(FirefoxProxySearchStrategy.java:113)
2023-03-13 10:59:56,496 [ERROR] LogOutputStream:75 - [STDERR_REDIRECT] 	at com.github.markusbernhardt.proxy.ProxySearch.getProxySelector(ProxySearch.java:222)
2023-03-13 10:59:56,496 [ERROR] LogOutputStream:75 - [STDERR_REDIRECT] 	at com.st.microxplorer.plugins.updater.engine.ServerAccessManage$ProxyFinder.<init>(ServerAccessManage.java:1532)
2023-03-13 10:59:56,497 [ERROR] LogOutputStream:75 - [STDERR_REDIRECT] 	at com.st.microxplorer.plugins.updater.engine.ServerAccessManage.getExtendedSystemProxyList(ServerAccessManage.java:1356)
2023-03-13 10:59:56,497 [ERROR] LogOutputStream:75 - [STDERR_REDIRECT] 	at com.st.microxplorer.plugins.updater.engine.ServerAccessManage.defineProxy(ServerAccessManage.java:1258)
2023-03-13 10:59:56,497 [ERROR] LogOutputStream:75 - [STDERR_REDIRECT] 	at com.st.microxplorer.plugins.updater.engine.ServerAccessManage.applyProxySettingsAndAuthentication(ServerAccessManage.java:340)
2023-03-13 10:59:56,497 [ERROR] LogOutputStream:75 - [STDERR_REDIRECT] 	at com.st.microxplorer.plugins.updater.engine.ServerAccessManage.openHttpConnexion(ServerAccessManage.java:1001)
2023-03-13 10:59:56,497 [ERROR] LogOutputStream:75 - [STDERR_REDIRECT] 	at com.st.microxplorer.plugins.updater.engine.ServerAccessManage.getHttpFileSize(ServerAccessManage.java:706)
2023-03-13 10:59:56,497 [ERROR] LogOutputStream:75 - [STDERR_REDIRECT] 	at com.st.microxplorer.plugins.updater.engine.LoadServerUpdatesThread.performUpdaterHttpAccessCheck(LoadServerUpdatesThread.java:590)
2023-03-13 10:59:56,498 [ERROR] LogOutputStream:75 - [STDERR_REDIRECT] 	at com.st.microxplorer.plugins.updater.engine.LoadServerUpdatesThread.performConnectionCheckNoThread(LoadServerUpdatesThread.java:261)
2023-03-13 10:59:56,498 [ERROR] LogOutputStream:75 - [STDERR_REDIRECT] 	at com.st.microxplorer.plugins.updater.engine.MainUpdater.performConnectionCheck(MainUpdater.java:2835)
2023-03-13 10:59:56,498 [ERROR] LogOutputStream:75 - [STDERR_REDIRECT] 	at com.st.microxplorer.plugins.updater.engine.MainUpdater.<init>(MainUpdater.java:279)
2023-03-13 10:59:56,499 [ERROR] LogOutputStream:75 - [STDERR_REDIRECT] 	at com.st.microxplorer.plugins.updater.Updater.initPhase2(Updater.java:1084)
2023-03-13 10:59:56,499 [ERROR] LogOutputStream:75 - [STDERR_REDIRECT] 	at com.st.microxplorer.plugins.updater.Updater.setUserPreferencesHandler(Updater.java:1138)
2023-03-13 10:59:56,499 [ERROR] LogOutputStream:75 - [STDERR_REDIRECT] 	at com.st.stm32cube.common.mx.core.CubeMxInstance.<init>(CubeMxInstance.java:140)
2023-03-13 10:59:56,499 [ERROR] LogOutputStream:75 - [STDERR_REDIRECT] 	at com.st.stm32cube.common.mx.core.CubeMxInstance.getInstance(CubeMxInstance.java:91)
2023-03-13 10:59:56,499 [ERROR] LogOutputStream:75 - [STDERR_REDIRECT] 	at com.st.stm32cube.common.mx.targetselector.TargetSelectorAdapter.addTargetSelector(TargetSelectorAdapter.java:170)
2023-03-13 10:59:56,499 [ERROR] LogOutputStream:75 - [STDERR_REDIRECT] 	at com.st.stm32cube.common.projectcreation.ui.wizard.TargetSetupPageAbstract.createControl(TargetSetupPageAbstract.java:131)
2023-03-13 10:59:56,500 [ERROR] LogOutputStream:75 - [STDERR_REDIRECT] 	at org.eclipse.jface.wizard.Wizard.createPageControls(Wizard.java:178)
2023-03-13 10:59:56,500 [ERROR] LogOutputStream:75 - [STDERR_REDIRECT] 	at org.eclipse.jface.wizard.WizardDialog.createPageControls(WizardDialog.java:743)
2023-03-13 10:59:56,501 [ERROR] LogOutputStream:75 - [STDERR_REDIRECT] 	at org.eclipse.jface.wizard.WizardDialog.createContents(WizardDialog.java:635)
2023-03-13 10:59:56,501 [ERROR] LogOutputStream:75 - [STDERR_REDIRECT] 	at org.eclipse.jface.window.Window.create(Window.java:431)
2023-03-13 10:59:56,501 [ERROR] LogOutputStream:75 - [STDERR_REDIRECT] 	at org.eclipse.jface.dialogs.Dialog.create(Dialog.java:1094)
2023-03-13 10:59:56,501 [ERROR] LogOutputStream:75 - [STDERR_REDIRECT] 	at org.eclipse.jface.window.Window.open(Window.java:788)
2023-03-13 10:59:56,501 [ERROR] LogOutputStream:75 - [STDERR_REDIRECT] 	at com.st.stm32cube.ide.mcu.informationcenter.WelcomePageAction.run(WelcomePageAction.java:54)
2023-03-13 10:59:56,501 [ERROR] LogOutputStream:75 - [STDERR_REDIRECT] 	at org.eclipse.ui.internal.intro.impl.model.url.IntroURL.runAction(IntroURL.java:279)
2023-03-13 10:59:56,502 [ERROR] LogOutputStream:75 - [STDERR_REDIRECT] 	at org.eclipse.ui.internal.intro.impl.model.url.IntroURL.doExecute(IntroURL.java:190)
2023-03-13 10:59:56,502 [ERROR] LogOutputStream:75 - [STDERR_REDIRECT] 	at org.eclipse.ui.internal.intro.impl.model.url.IntroURL.lambda$0(IntroURL.java:145)
2023-03-13 10:59:56,502 [ERROR] LogOutputStream:75 - [STDERR_REDIRECT] 	at org.eclipse.swt.custom.BusyIndicator.showWhile(BusyIndicator.java:74)
2023-03-13 10:59:56,502 [ERROR] LogOutputStream:75 - [STDERR_REDIRECT] 	at org.eclipse.ui.internal.intro.impl.model.url.IntroURL.execute(IntroURL.java:145)
2023-03-13 10:59:56,502 [ERROR] LogOutputStream:75 - [STDERR_REDIRECT] 	at org.eclipse.ui.internal.intro.impl.presentations.BrowserIntroPartLocationListener.changing(BrowserIntroPartLocationListener.java:130)
2023-03-13 10:59:56,503 [ERROR] LogOutputStream:75 - [STDERR_REDIRECT] 	at org.eclipse.swt.browser.WebKit.webView_decidePolicyForNavigationAction_request_frame_decisionListener(WebKit.java:1499)
2023-03-13 10:59:56,503 [ERROR] LogOutputStream:75 - [STDERR_REDIRECT] 	at org.eclipse.swt.browser.WebKit.browserProc(WebKit.java:419)
2023-03-13 10:59:56,503 [ERROR] LogOutputStream:75 - [STDERR_REDIRECT] 	at org.eclipse.swt.internal.cocoa.OS.objc_msgSendSuper(Native Method)
2023-03-13 10:59:56,503 [ERROR] LogOutputStream:75 - [STDERR_REDIRECT] 	at org.eclipse.swt.widgets.Widget.callSuper(Widget.java:236)
2023-03-13 10:59:56,503 [ERROR] LogOutputStream:75 - [STDERR_REDIRECT] 	at org.eclipse.swt.widgets.Widget.windowSendEvent(Widget.java:2162)
2023-03-13 10:59:56,503 [ERROR] LogOutputStream:75 - [STDERR_REDIRECT] 	at org.eclipse.swt.widgets.Shell.windowSendEvent(Shell.java:2487)
2023-03-13 10:59:56,504 [ERROR] LogOutputStream:75 - [STDERR_REDIRECT] 	at org.eclipse.swt.widgets.Display.windowProc(Display.java:6380)
2023-03-13 10:59:56,504 [ERROR] LogOutputStream:75 - [STDERR_REDIRECT] 	at org.eclipse.swt.internal.cocoa.OS.objc_msgSendSuper(Native Method)
2023-03-13 10:59:56,504 [ERROR] LogOutputStream:75 - [STDERR_REDIRECT] 	at org.eclipse.swt.widgets.Display.applicationSendEvent(Display.java:5628)
2023-03-13 10:59:56,504 [ERROR] LogOutputStream:75 - [STDERR_REDIRECT] 	at org.eclipse.swt.widgets.Display.applicationProc(Display.java:5767)
2023-03-13 10:59:56,504 [ERROR] LogOutputStream:75 - [STDERR_REDIRECT] 	at org.eclipse.swt.internal.cocoa.OS.objc_msgSend(Native Method)
2023-03-13 10:59:56,504 [ERROR] LogOutputStream:75 - [STDERR_REDIRECT] 	at org.eclipse.swt.internal.cocoa.NSApplication.sendEvent(NSApplication.java:117)
2023-03-13 10:59:56,505 [ERROR] LogOutputStream:75 - [STDERR_REDIRECT] 	at org.eclipse.swt.widgets.Display.readAndDispatch(Display.java:3938)
2023-03-13 10:59:56,506 [ERROR] LogOutputStream:75 - [STDERR_REDIRECT] 	at org.eclipse.e4.ui.internal.workbench.swt.PartRenderingEngine$5.run(PartRenderingEngine.java:1155)
2023-03-13 10:59:56,506 [ERROR] LogOutputStream:75 - [STDERR_REDIRECT] 	at org.eclipse.core.databinding.observable.Realm.runWithDefault(Realm.java:338)
2023-03-13 10:59:56,506 [ERROR] LogOutputStream:75 - [STDERR_REDIRECT] 	at org.eclipse.e4.ui.internal.workbench.swt.PartRenderingEngine.run(PartRenderingEngine.java:1046)
2023-03-13 10:59:56,507 [ERROR] LogOutputStream:75 - [STDERR_REDIRECT] 	at org.eclipse.e4.ui.internal.workbench.E4Workbench.createAndRunUI(E4Workbench.java:155)
2023-03-13 10:59:56,507 [ERROR] LogOutputStream:75 - [STDERR_REDIRECT] 	at org.eclipse.ui.internal.Workbench.lambda$3(Workbench.java:644)
2023-03-13 10:59:56,507 [ERROR] LogOutputStream:75 - [STDERR_REDIRECT] 	at org.eclipse.core.databinding.observable.Realm.runWithDefault(Realm.java:338)
2023-03-13 10:59:56,507 [ERROR] LogOutputStream:75 - [STDERR_REDIRECT] 	at org.eclipse.ui.internal.Workbench.createAndRunWorkbench(Workbench.java:551)
2023-03-13 10:59:56,508 [ERROR] LogOutputStream:75 - [STDERR_REDIRECT] 	at org.eclipse.ui.PlatformUI.createAndRunWorkbench(PlatformUI.java:156)
2023-03-13 10:59:56,508 [ERROR] LogOutputStream:75 - [STDERR_REDIRECT] 	at org.eclipse.ui.internal.ide.application.IDEApplication.start(IDEApplication.java:152)
2023-03-13 10:59:56,508 [ERROR] LogOutputStream:75 - [STDERR_REDIRECT] 	at org.eclipse.equinox.internal.app.EclipseAppHandle.run(EclipseAppHandle.java:203)
2023-03-13 10:59:56,508 [ERROR] LogOutputStream:75 - [STDERR_REDIRECT] 	at org.eclipse.core.runtime.internal.adaptor.EclipseAppLauncher.runApplication(EclipseAppLauncher.java:136)
2023-03-13 10:59:56,509 [ERROR] LogOutputStream:75 - [STDERR_REDIRECT] 	at org.eclipse.core.runtime.internal.adaptor.EclipseAppLauncher.start(EclipseAppLauncher.java:104)
2023-03-13 10:59:56,509 [ERROR] LogOutputStream:75 - [STDERR_REDIRECT] 	at org.eclipse.core.runtime.adaptor.EclipseStarter.run(EclipseStarter.java:401)
2023-03-13 10:59:56,509 [ERROR] LogOutputStream:75 - [STDERR_REDIRECT] 	at org.eclipse.core.runtime.adaptor.EclipseStarter.run(EclipseStarter.java:255)
2023-03-13 10:59:56,509 [ERROR] LogOutputStream:75 - [STDERR_REDIRECT] 	at java.base/jdk.internal.reflect.NativeMethodAccessorImpl.invoke0(Native Method)
2023-03-13 10:59:56,510 [ERROR] LogOutputStream:75 - [STDERR_REDIRECT] 	at java.base/jdk.internal.reflect.NativeMethodAccessorImpl.invoke(NativeMethodAccessorImpl.java:62)
2023-03-13 10:59:56,510 [ERROR] LogOutputStream:75 - [STDERR_REDIRECT] 	at java.base/jdk.internal.reflect.DelegatingMethodAccessorImpl.invoke(DelegatingMethodAccessorImpl.java:43)
2023-03-13 10:59:56,510 [ERROR] LogOutputStream:75 - [STDERR_REDIRECT] 	at java.base/java.lang.reflect.Method.invoke(Method.java:566)
2023-03-13 10:59:56,510 [ERROR] LogOutputStream:75 - [STDERR_REDIRECT] 	at org.eclipse.equinox.launcher.Main.invokeFramework(Main.java:659)
2023-03-13 10:59:56,511 [ERROR] LogOutputStream:75 - [STDERR_REDIRECT] 	at org.eclipse.equinox.launcher.Main.basicRun(Main.java:596)
2023-03-13 10:59:56,511 [ERROR] LogOutputStream:75 - [STDERR_REDIRECT] 	at org.eclipse.equinox.launcher.Main.run(Main.java:1467)
2023-03-13 10:59:56,587 [INFO] MainUpdater:2854 - connection check result : 10
2023-03-13 10:59:56,588 [INFO] MainUpdater:283 - Updater Check For Update Now.
2023-03-13 10:59:56,588 [INFO] MicroXplorer:498 - Change Database Version : DB.6.0.80
2023-03-13 10:59:56,885 [INFO] CheckServerUpdateThread:120 - End of CheckServer Thread
2023-03-13 10:59:57,004 [INFO] MainUpdater:2854 - connection check result : 10
2023-03-13 10:59:57,367 [WARN] PackLoader:240 - Cannot read IP mode file for STMicroelectronics.X-CUBE-GNSS1.6.0.0
2023-03-13 10:59:57,517 [WARN] PackLoader:240 - Cannot read IP mode file for STMicroelectronics.X-CUBE-AZRTOS-F4.1.1.0
2023-03-13 10:59:57,779 [WARN] PackLoader:240 - Cannot read IP mode file for STMicroelectronics.X-CUBE-AZRTOS-F7.1.1.0
2023-03-13 10:59:57,824 [WARN] PackLoader:240 - Cannot read IP mode file for STMicroelectronics.X-CUBE-BLE1.6.2.4
2023-03-13 10:59:57,896 [WARN] PackLoader:240 - Cannot read IP mode file for emotas.I-CUBE-CANOPEN.1.1.3
2023-03-13 10:59:57,940 [WARN] PackLoader:240 - Cannot read IP mode file for STMicroelectronics.X-CUBE-BLEMGR.2.0.0
2023-03-13 10:59:57,982 [WARN] PackLoader:240 - Cannot read IP mode file for STMicroelectronics.X-CUBE-DISPLAY.3.0.0
2023-03-13 10:59:58,010 [WARN] PackLoader:240 - Cannot read IP mode file for wolfSSL.I-CUBE-wolfSSL.5.5.4
2023-03-13 10:59:58,025 [WARN] PackLoader:240 - Cannot read IP mode file for STMicroelectronics.X-CUBE-NFC7.1.0.0
2023-03-13 10:59:58,038 [WARN] PackLoader:240 - Cannot read IP mode file for STMicroelectronics.X-CUBE-EEPRMA1.4.1.0
2023-03-13 10:59:58,063 [WARN] PackLoader:240 - Cannot read IP mode file for WES.I-CUBE-Cesium.1.3.0
2023-03-13 10:59:58,103 [WARN] PackLoader:240 - Cannot read IP mode file for STMicroelectronics.X-CUBE-SFXS2LP1.4.0.0
2023-03-13 10:59:58,122 [WARN] PackLoader:240 - Cannot read IP mode file for STMicroelectronics.X-CUBE-BLE2.3.3.0
2023-03-13 10:59:58,143 [WARN] PackLoader:240 - Cannot read IP mode file for STMicroelectronics.X-CUBE-TOF1.3.2.0
2023-03-13 10:59:58,257 [WARN] PackLoader:240 - Cannot read IP mode file for STMicroelectronics.X-CUBE-AZRTOS-H7.3.0.0
2023-03-13 10:59:58,312 [WARN] PackLoader:240 - Cannot read IP mode file for STMicroelectronics.X-CUBE-ISPU.1.1.0
2023-03-13 10:59:58,339 [WARN] PackLoader:240 - Cannot read IP mode file for RoweBots.I-CUBE-UNISONRTOS.5.5.0-4
2023-03-13 10:59:58,346 [WARN] PackLoader:240 - Cannot read IP mode file for STMicroelectronics.X-CUBE-AI.8.0.0
2023-03-13 10:59:58,361 [WARN] PackLoader:240 - Cannot read IP mode file for STMicroelectronics.X-CUBE-FREERTOS.1.0.0
2023-03-13 10:59:58,366 [WARN] PackLoader:240 - Cannot read IP mode file for STMicroelectronics.X-CUBE-TOUCHGFX.4.21.1
2023-03-13 10:59:58,372 [WARN] PackLoader:240 - Cannot read IP mode file for STMicroelectronics.X-CUBE-ALGOBUILD.1.3.0
2023-03-13 10:59:58,405 [WARN] PackLoader:240 - Cannot read IP mode file for STMicroelectronics.X-CUBE-AZRTOS-L5.1.1.0
2023-03-13 10:59:58,455 [WARN] PackLoader:240 - Cannot read IP mode file for STMicroelectronics.X-CUBE-AZRTOS-G0.1.1.0
2023-03-13 10:59:58,515 [WARN] PackLoader:240 - Cannot read IP mode file for STMicroelectronics.X-CUBE-SUBG2.5.0.0
2023-03-13 10:59:58,543 [WARN] PackLoader:240 - Cannot read IP mode file for STMicroelectronics.X-CUBE-NFC4.3.0.0
2023-03-13 10:59:58,551 [WARN] PackLoader:240 - Cannot read IP mode file for STMicroelectronics.FP-ATR-ASTRA1.1.1.1
2023-03-13 10:59:58,582 [WARN] PackLoader:240 - Cannot read IP mode file for STMicroelectronics.X-CUBE-AZRTOS-G4.1.0.0
2023-03-13 10:59:58,590 [WARN] PackLoader:240 - Cannot read IP mode file for STMicroelectronics.FP-ATR-SIGFOX1.3.2.0
2023-03-13 10:59:58,626 [WARN] PackLoader:240 - Cannot read IP mode file for STMicroelectronics.X-CUBE-AZRTOS-L4.1.0.0
2023-03-13 10:59:58,681 [WARN] PackLoader:240 - Cannot read IP mode file for STMicroelectronics.X-CUBE-AZRTOS-WL.1.0.0
2023-03-13 10:59:58,745 [WARN] PackLoader:240 - Cannot read IP mode file for portGmbH.I-Cube-SoM-uGOAL.1.1.0
2023-03-13 10:59:58,762 [WARN] PackLoader:240 - Cannot read IP mode file for STMicroelectronics.X-CUBE-ALS.1.0.1
2023-03-13 10:59:58,814 [INFO] ApiDb:581 - Connected to CubeFinder SQLite database (/Users/dominikpapp/.stmcufinder/plugins/mcufinder/mcu/cube-finder-db.db)
2023-03-13 10:59:58,892 [INFO] ApiDb:668 - CubeFinder database Data Model version=2.1
2023-03-13 10:59:58,892 [INFO] ApiDb:669 - CubeFinder database Configuration version=3.0.35
2023-03-13 10:59:58,893 [INFO] ApiDb:670 - CubeFinder database generation date=2023-02-21 (1676964986)
2023-03-13 10:59:58,893 [INFO] ApiDb:671 - CubeFinder database FW Pack versions=[FP-ATR-ASTRA1_V1.1.1, STM32Cube_FW_C0_V1.0.1, STM32Cube_FW_F0_V1.11.4, STM32Cube_FW_F3_V1.11.4, STM32Cube_FW_F4_V1.27.1, STM32Cube_FW_F7_V1.17.0, STM32Cube_FW_G0_V1.6.1, STM32Cube_FW_G4_V1.5.1, STM32Cube_FW_H5_V0.5.1, STM32Cube_FW_H5_V1.0.0, STM32Cube_FW_H7_V1.11.0, STM32Cube_FW_L0_V1.12.2, STM32Cube_FW_L5_V1.5.0, STM32Cube_FW_U5_V1.2.0, STM32Cube_FW_WBA_V1.0.0, STM32Cube_FW_WBA_V1.0.0RC1, STM32Cube_FW_WBA_V1.0.0RC3, STM32Cube_FW_WB_V1.15.0RC1, STM32Cube_FW_WB_V1.16.0, STM32Cube_FW_WB_V1.16.0RC2, STM32Cube_FW_WL_V1.3.0, X-CUBE-ALGOBUILD_V1.3.0, X-CUBE-ALS_V1.0.1, X-CUBE-AZRTOS-F4_V1.1.0, X-CUBE-AZRTOS-F7_V1.1.0, X-CUBE-AZRTOS-G0_V1.1.0, X-CUBE-AZRTOS-G4_V1.0.0, X-CUBE-AZRTOS-H7_V3.0.0, X-CUBE-AZRTOS-L4_V1.0.0, X-CUBE-AZRTOS-L5_V1.1.0, X-CUBE-AZRTOS-WB_V1.1.0, X-CUBE-AZRTOS-WL_V1.0.0, X-CUBE-BLE1_V6.2.4, X-CUBE-BLE2_V3.3.0, X-CUBE-BLEMGR_V1.3.0, X-CUBE-EEPRMA1_V4.1.0, X-CUBE-GNSS1_V6.0.0, X-CUBE-MEMS1_V9.1.0, X-CUBE-MEMS1_V9.4.0, X-CUBE-MEMS1_V9.5.0, X-CUBE-NFC4_V3.0.0, X-CUBE-NFC7_V1.0.0, X-CUBE-SFXS2LP1_V4.0.0, X-CUBE-SUBG2_V5.0.0]
2023-03-13 10:59:58,896 [WARN] PackLoader:240 - Cannot read IP mode file for STMicroelectronics.X-CUBE-MEMS1.9.5.0
2023-03-13 10:59:59,029 [INFO] DbBoardsSqlite:226 - include board P-NUCLEO-WB55-NUCLEO as a kit item of type 'Nucleo-64'
2023-03-13 10:59:59,030 [INFO] DbBoardsSqlite:226 - include board P-NUCLEO-WB55-USBDONGLE as a kit item of type 'Nucleo USB Dongle'
2023-03-13 10:59:59,031 [INFO] DbBoardsSqlite:226 - include board STEVAL-IDP005V1 as a kit item of type 'Evaluation Board'
2023-03-13 10:59:59,031 [INFO] DbBoardsSqlite:226 - include board STEVAL-IDP005V2 as a kit item of type 'Evaluation Board'
2023-03-13 10:59:59,105 [WARN] PackLoader:240 - Cannot read IP mode file for STMicroelectronics.X-CUBE-AZRTOS-WB.1.1.0
2023-03-13 10:59:59,168 [INFO] ApiDb:240 - Found 297 in-development CPN: [B-G473E-ZEST1S, B-WB1M-WPAN1, B-WL5M-SUBG1, NUCLEO-C031C6, NUCLEO-H503RB, NUCLEO-H563ZI, NUCLEO-U545RE-Q, NUCLEO-U5A5ZJ-Q, NUCLEO-WBA52CG, STEVAL-PROTEUS1, STEVAL-STWINBX1, STM320518-EVAL, STM32C0116-DK, STM32C011D6Y3TR, STM32C011D6Y6TR, STM32C011F4P3, STM32C011F4P6, STM32C011F4U3, STM32C011F4U6TR, STM32C011F6P3, STM32C011F6P6, STM32C011F6U3, STM32C011F6U6TR, STM32C011J4M3, STM32C011J4M6, STM32C011J6M3, STM32C011J6M6, STM32C0316-DK, STM32C031C4T3, STM32C031C4T6, STM32C031C4U3, STM32C031C4U6, STM32C031C6T3, STM32C031C6T6, STM32C031C6U3, STM32C031C6U6, STM32C031F4P3, STM32C031F4P6, STM32C031F6P3, STM32C031F6P6, STM32C031G4U3, STM32C031G4U6, STM32C031G6U3, STM32C031G6U6, STM32C031K4T3, STM32C031K4T6, STM32C031K4U3, STM32C031K4U6, STM32C031K6T3, STM32C031K6T6, STM32C031K6U3, STM32C031K6U6, STM32G071K8TXN, STM32G071K8UXN, STM32G081GBU6N, STM32G081KBT6N, STM32G081KBUXN, STM32G0B1CCT6N, STM32G0B1KCT6, STM32G0B1NEY6TR, STM32G0B1RCT6N, STM32G0C1CCT6, STM32G0C1CCT6N, STM32G0C1CCU6N, STM32G0C1CET6N, STM32G0C1CEU6N, STM32G0C1KCT6, STM32G0C1NEY6TR, STM32G0C1RCI6N, STM32G0C1RCT6N, STM32G0C1REI6N, STM32G0C1RET6N, STM32G0C1VCI6, STM32G0C1VEI6, STM32G471CCT6, STM32G471CCU6, STM32G471CET3, STM32G471CET6, STM32G471CEU3, STM32G471CEU6, STM32G471MCT6, STM32G471MET3, STM32G471MET6, STM32G471MEY6TR, STM32G471QCT6, STM32G471QET3, STM32G471RCT6, STM32G471RET3, STM32G471RET6, STM32G471VCH6, STM32G471VCI6, STM32G471VCT6, STM32G471VEH3, STM32G471VEH6, STM32G471VEI3, STM32G471VEI6, STM32G471VET3, STM32G471VET6, STM32G474CCT6, STM32H503CBT6, STM32H503CBU6, STM32H503EBY6TR, STM32H503KBU6, STM32H503RBT6, STM32H562AGI6, STM32H562AII6, STM32H562IGK6, STM32H562IGT6, STM32H562IIK6, STM32H562IIT6, STM32H562RGT6, STM32H562RGV6, STM32H562RIT6, STM32H562RIV6, STM32H562VGT6, STM32H562VIT6, STM32H562ZGT6, STM32H562ZIT6, STM32H563AGI6, STM32H563AII3Q, STM32H563AII6, STM32H563IGK6, STM32H563IGT6, STM32H563IIK3Q, STM32H563IIK6, STM32H563IIT3Q, STM32H563IIT6, STM32H563MIY3QTR, STM32H563RGT6, STM32H563RGV6, STM32H563RIT6, STM32H563RIV6, STM32H563VGT6, STM32H563VIT3Q, STM32H563VIT6, STM32H563ZGT6, STM32H563ZIT3Q, STM32H563ZIT6, STM32H573AII3Q, STM32H573AII6, STM32H573I-DK, STM32H573IIK3Q, STM32H573IIK6, STM32H573IIT3Q, STM32H573IIT6, STM32H573MIY3QTR, STM32H573RIT6, STM32H573RIV6, STM32H573VIT3Q, STM32H573VIT6, STM32H573ZIT3Q, STM32H573ZIT6, STM32L4R5QGI6STR, STM32MP131AAE3, STM32MP131AAF3, STM32MP131AAG3, STM32MP131CAE3, STM32MP131CAF3, STM32MP131CAG3, STM32MP131DAE7, STM32MP131DAF7, STM32MP131DAG7, STM32MP131FAE7, STM32MP131FAF7, STM32MP131FAG7, STM32MP133AAE3, STM32MP133AAF3, STM32MP133AAG3, STM32MP133CAE3, STM32MP133CAF3, STM32MP133CAG3, STM32MP133DAE7, STM32MP133DAF7, STM32MP133DAG7, STM32MP133FAE7, STM32MP133FAF7, STM32MP133FAG7, STM32MP135AAE3, STM32MP135AAF3, STM32MP135AAG3, STM32MP135CAE3, STM32MP135CAF3, STM32MP135CAG3, STM32MP135DAE7, STM32MP135DAF7, STM32MP135DAG7, STM32MP135F-DK, STM32MP135FAE7, STM32MP135FAF7, STM32MP135FAF7T, STM32MP135FAF7U, STM32MP135FAG7, STM32U535CBT6, STM32U535CBT6Q, STM32U535CBU6, STM32U535CBU6Q, STM32U535CCT6, STM32U535CCT6Q, STM32U535CCU6, STM32U535CCU6Q, STM32U535CET6, STM32U535CET6Q, STM32U535CEU6, STM32U535CEU6Q, STM32U535JEY6QTR, STM32U535NCY6QTR, STM32U535NEY6QTR, STM32U535RBI6, STM32U535RBI6Q, STM32U535RBT6, STM32U535RBT6Q, STM32U535RCI6, STM32U535RCI6Q, STM32U535RCT6, STM32U535RCT6Q, STM32U535REI6, STM32U535REI6Q, STM32U535RET6, STM32U535RET6Q, STM32U535VCI6, STM32U535VCI6Q, STM32U535VCT6, STM32U535VCT6Q, STM32U535VEI6, STM32U535VEI6Q, STM32U535VET6, STM32U535VET6Q, STM32U545CET6, STM32U545CET6Q, STM32U545CEU6, STM32U545CEU6Q, STM32U545JEY6QTR, STM32U545NEY6QTR, STM32U545REI6, STM32U545REI6Q, STM32U545RET6, STM32U545RET6Q, STM32U545VEI6, STM32U545VEI6Q, STM32U545VET6, STM32U545VET6Q, STM32U595AIH6, STM32U595AIH6Q, STM32U595AJH6, STM32U595AJH6Q, STM32U595QII6, STM32U595QII6Q, STM32U595QJI6, STM32U595QJI6Q, STM32U595RIT6, STM32U595RIT6Q, STM32U595RJT6, STM32U595RJT6Q, STM32U595VIT6, STM32U595VIT6Q, STM32U595VJT6, STM32U595VJT6Q, STM32U595ZIT6, STM32U595ZIT6Q, STM32U595ZIY6QTR, STM32U595ZJT6, STM32U595ZJT6Q, STM32U595ZJY6QTR, STM32U599BJY6QTR, STM32U599NIH6Q, STM32U599NJH6Q, STM32U599VIT6Q, STM32U599VJT6, STM32U599VJT6Q, STM32U599ZIT6Q, STM32U599ZIY6QTR, STM32U599ZJT6Q, STM32U599ZJY6QTR, STM32U5A5AJH6, STM32U5A5AJH6Q, STM32U5A5QJI6, STM32U5A5QJI6Q, STM32U5A5RJT6, STM32U5A5RJT6Q, STM32U5A5VJT6, STM32U5A5VJT6Q, STM32U5A5ZJT6, STM32U5A5ZJT6Q, STM32U5A5ZJY6QTR, STM32U5A9BJY6QTR, STM32U5A9J-DK, STM32U5A9NJH6Q, STM32U5A9VJT6Q, STM32U5A9ZJT6Q, STM32U5A9ZJY6QTR, STM32WB1MMCH6, STM32WBA52CEU6, STM32WBA52CEU6T, STM32WBA52CGU6, STM32WBA52CGU6T, STM32WL5MOCH6, STM32WL5MOCH6TR]
2023-03-13 10:59:59,182 [WARN] PackLoader:240 - Cannot read IP mode file for SEGGER.I-CUBE-embOS.1.3.1
2023-03-13 10:59:59,225 [INFO] ThirdParty:978 - Integrity check success = true
2023-03-13 10:59:59,226 [INFO] IntegrityCheckThread:100 - exiting critical section [integrity check]
2023-03-13 10:59:59,226 [INFO] IntegrityCheckThread:103 - End integrity checks thread
2023-03-13 10:59:59,302 [INFO] BoardInfo:880 - No configuration file found for board P-NUCLEO-WB55
2023-03-13 10:59:59,303 [INFO] DbBoards:157 - Kit is not supported: P-NUCLEO-WB55
2023-03-13 10:59:59,308 [INFO] BoardInfo:880 - No configuration file found for board STEVAL-BFA001V1B
2023-03-13 10:59:59,308 [INFO] DbBoards:157 - Kit is not supported: STEVAL-BFA001V1B
2023-03-13 10:59:59,309 [INFO] BoardInfo:880 - No configuration file found for board STEVAL-BFA001V2B
2023-03-13 10:59:59,310 [INFO] DbBoards:157 - Kit is not supported: STEVAL-BFA001V2B
2023-03-13 10:59:59,443 [INFO] DbBoards:161 - Found 187 boards, 184 are supported
2023-03-13 10:59:59,448 [INFO] ApiDb:668 - CubeFinder database Data Model version=2.1
2023-03-13 10:59:59,448 [INFO] ApiDb:669 - CubeFinder database Configuration version=3.0.35
2023-03-13 10:59:59,449 [INFO] ApiDb:670 - CubeFinder database generation date=2023-02-21 (1676964986)
2023-03-13 10:59:59,449 [INFO] ApiDb:671 - CubeFinder database FW Pack versions=[FP-ATR-ASTRA1_V1.1.1, STM32Cube_FW_C0_V1.0.1, STM32Cube_FW_F0_V1.11.4, STM32Cube_FW_F3_V1.11.4, STM32Cube_FW_F4_V1.27.1, STM32Cube_FW_F7_V1.17.0, STM32Cube_FW_G0_V1.6.1, STM32Cube_FW_G4_V1.5.1, STM32Cube_FW_H5_V0.5.1, STM32Cube_FW_H5_V1.0.0, STM32Cube_FW_H7_V1.11.0, STM32Cube_FW_L0_V1.12.2, STM32Cube_FW_L5_V1.5.0, STM32Cube_FW_U5_V1.2.0, STM32Cube_FW_WBA_V1.0.0, STM32Cube_FW_WBA_V1.0.0RC1, STM32Cube_FW_WBA_V1.0.0RC3, STM32Cube_FW_WB_V1.15.0RC1, STM32Cube_FW_WB_V1.16.0, STM32Cube_FW_WB_V1.16.0RC2, STM32Cube_FW_WL_V1.3.0, X-CUBE-ALGOBUILD_V1.3.0, X-CUBE-ALS_V1.0.1, X-CUBE-AZRTOS-F4_V1.1.0, X-CUBE-AZRTOS-F7_V1.1.0, X-CUBE-AZRTOS-G0_V1.1.0, X-CUBE-AZRTOS-G4_V1.0.0, X-CUBE-AZRTOS-H7_V3.0.0, X-CUBE-AZRTOS-L4_V1.0.0, X-CUBE-AZRTOS-L5_V1.1.0, X-CUBE-AZRTOS-WB_V1.1.0, X-CUBE-AZRTOS-WL_V1.0.0, X-CUBE-BLE1_V6.2.4, X-CUBE-BLE2_V3.3.0, X-CUBE-BLEMGR_V1.3.0, X-CUBE-EEPRMA1_V4.1.0, X-CUBE-GNSS1_V6.0.0, X-CUBE-MEMS1_V9.1.0, X-CUBE-MEMS1_V9.4.0, X-CUBE-MEMS1_V9.5.0, X-CUBE-NFC4_V3.0.0, X-CUBE-NFC7_V1.0.0, X-CUBE-SFXS2LP1_V4.0.0, X-CUBE-SUBG2_V5.0.0]
2023-03-13 11:00:01,035 [INFO] ApiDb:240 - Found 297 in-development CPN: [B-G473E-ZEST1S, B-WB1M-WPAN1, B-WL5M-SUBG1, NUCLEO-C031C6, NUCLEO-H503RB, NUCLEO-H563ZI, NUCLEO-U545RE-Q, NUCLEO-U5A5ZJ-Q, NUCLEO-WBA52CG, STEVAL-PROTEUS1, STEVAL-STWINBX1, STM320518-EVAL, STM32C0116-DK, STM32C011D6Y3TR, STM32C011D6Y6TR, STM32C011F4P3, STM32C011F4P6, STM32C011F4U3, STM32C011F4U6TR, STM32C011F6P3, STM32C011F6P6, STM32C011F6U3, STM32C011F6U6TR, STM32C011J4M3, STM32C011J4M6, STM32C011J6M3, STM32C011J6M6, STM32C0316-DK, STM32C031C4T3, STM32C031C4T6, STM32C031C4U3, STM32C031C4U6, STM32C031C6T3, STM32C031C6T6, STM32C031C6U3, STM32C031C6U6, STM32C031F4P3, STM32C031F4P6, STM32C031F6P3, STM32C031F6P6, STM32C031G4U3, STM32C031G4U6, STM32C031G6U3, STM32C031G6U6, STM32C031K4T3, STM32C031K4T6, STM32C031K4U3, STM32C031K4U6, STM32C031K6T3, STM32C031K6T6, STM32C031K6U3, STM32C031K6U6, STM32G071K8TXN, STM32G071K8UXN, STM32G081GBU6N, STM32G081KBT6N, STM32G081KBUXN, STM32G0B1CCT6N, STM32G0B1KCT6, STM32G0B1NEY6TR, STM32G0B1RCT6N, STM32G0C1CCT6, STM32G0C1CCT6N, STM32G0C1CCU6N, STM32G0C1CET6N, STM32G0C1CEU6N, STM32G0C1KCT6, STM32G0C1NEY6TR, STM32G0C1RCI6N, STM32G0C1RCT6N, STM32G0C1REI6N, STM32G0C1RET6N, STM32G0C1VCI6, STM32G0C1VEI6, STM32G471CCT6, STM32G471CCU6, STM32G471CET3, STM32G471CET6, STM32G471CEU3, STM32G471CEU6, STM32G471MCT6, STM32G471MET3, STM32G471MET6, STM32G471MEY6TR, STM32G471QCT6, STM32G471QET3, STM32G471RCT6, STM32G471RET3, STM32G471RET6, STM32G471VCH6, STM32G471VCI6, STM32G471VCT6, STM32G471VEH3, STM32G471VEH6, STM32G471VEI3, STM32G471VEI6, STM32G471VET3, STM32G471VET6, STM32G474CCT6, STM32H503CBT6, STM32H503CBU6, STM32H503EBY6TR, STM32H503KBU6, STM32H503RBT6, STM32H562AGI6, STM32H562AII6, STM32H562IGK6, STM32H562IGT6, STM32H562IIK6, STM32H562IIT6, STM32H562RGT6, STM32H562RGV6, STM32H562RIT6, STM32H562RIV6, STM32H562VGT6, STM32H562VIT6, STM32H562ZGT6, STM32H562ZIT6, STM32H563AGI6, STM32H563AII3Q, STM32H563AII6, STM32H563IGK6, STM32H563IGT6, STM32H563IIK3Q, STM32H563IIK6, STM32H563IIT3Q, STM32H563IIT6, STM32H563MIY3QTR, STM32H563RGT6, STM32H563RGV6, STM32H563RIT6, STM32H563RIV6, STM32H563VGT6, STM32H563VIT3Q, STM32H563VIT6, STM32H563ZGT6, STM32H563ZIT3Q, STM32H563ZIT6, STM32H573AII3Q, STM32H573AII6, STM32H573I-DK, STM32H573IIK3Q, STM32H573IIK6, STM32H573IIT3Q, STM32H573IIT6, STM32H573MIY3QTR, STM32H573RIT6, STM32H573RIV6, STM32H573VIT3Q, STM32H573VIT6, STM32H573ZIT3Q, STM32H573ZIT6, STM32L4R5QGI6STR, STM32MP131AAE3, STM32MP131AAF3, STM32MP131AAG3, STM32MP131CAE3, STM32MP131CAF3, STM32MP131CAG3, STM32MP131DAE7, STM32MP131DAF7, STM32MP131DAG7, STM32MP131FAE7, STM32MP131FAF7, STM32MP131FAG7, STM32MP133AAE3, STM32MP133AAF3, STM32MP133AAG3, STM32MP133CAE3, STM32MP133CAF3, STM32MP133CAG3, STM32MP133DAE7, STM32MP133DAF7, STM32MP133DAG7, STM32MP133FAE7, STM32MP133FAF7, STM32MP133FAG7, STM32MP135AAE3, STM32MP135AAF3, STM32MP135AAG3, STM32MP135CAE3, STM32MP135CAF3, STM32MP135CAG3, STM32MP135DAE7, STM32MP135DAF7, STM32MP135DAG7, STM32MP135F-DK, STM32MP135FAE7, STM32MP135FAF7, STM32MP135FAF7T, STM32MP135FAF7U, STM32MP135FAG7, STM32U535CBT6, STM32U535CBT6Q, STM32U535CBU6, STM32U535CBU6Q, STM32U535CCT6, STM32U535CCT6Q, STM32U535CCU6, STM32U535CCU6Q, STM32U535CET6, STM32U535CET6Q, STM32U535CEU6, STM32U535CEU6Q, STM32U535JEY6QTR, STM32U535NCY6QTR, STM32U535NEY6QTR, STM32U535RBI6, STM32U535RBI6Q, STM32U535RBT6, STM32U535RBT6Q, STM32U535RCI6, STM32U535RCI6Q, STM32U535RCT6, STM32U535RCT6Q, STM32U535REI6, STM32U535REI6Q, STM32U535RET6, STM32U535RET6Q, STM32U535VCI6, STM32U535VCI6Q, STM32U535VCT6, STM32U535VCT6Q, STM32U535VEI6, STM32U535VEI6Q, STM32U535VET6, STM32U535VET6Q, STM32U545CET6, STM32U545CET6Q, STM32U545CEU6, STM32U545CEU6Q, STM32U545JEY6QTR, STM32U545NEY6QTR, STM32U545REI6, STM32U545REI6Q, STM32U545RET6, STM32U545RET6Q, STM32U545VEI6, STM32U545VEI6Q, STM32U545VET6, STM32U545VET6Q, STM32U595AIH6, STM32U595AIH6Q, STM32U595AJH6, STM32U595AJH6Q, STM32U595QII6, STM32U595QII6Q, STM32U595QJI6, STM32U595QJI6Q, STM32U595RIT6, STM32U595RIT6Q, STM32U595RJT6, STM32U595RJT6Q, STM32U595VIT6, STM32U595VIT6Q, STM32U595VJT6, STM32U595VJT6Q, STM32U595ZIT6, STM32U595ZIT6Q, STM32U595ZIY6QTR, STM32U595ZJT6, STM32U595ZJT6Q, STM32U595ZJY6QTR, STM32U599BJY6QTR, STM32U599NIH6Q, STM32U599NJH6Q, STM32U599VIT6Q, STM32U599VJT6, STM32U599VJT6Q, STM32U599ZIT6Q, STM32U599ZIY6QTR, STM32U599ZJT6Q, STM32U599ZJY6QTR, STM32U5A5AJH6, STM32U5A5AJH6Q, STM32U5A5QJI6, STM32U5A5QJI6Q, STM32U5A5RJT6, STM32U5A5RJT6Q, STM32U5A5VJT6, STM32U5A5VJT6Q, STM32U5A5ZJT6, STM32U5A5ZJT6Q, STM32U5A5ZJY6QTR, STM32U5A9BJY6QTR, STM32U5A9J-DK, STM32U5A9NJH6Q, STM32U5A9VJT6Q, STM32U5A9ZJT6Q, STM32U5A9ZJY6QTR, STM32WB1MMCH6, STM32WBA52CEU6, STM32WBA52CEU6T, STM32WBA52CGU6, STM32WBA52CGU6T, STM32WL5MOCH6, STM32WL5MOCH6TR]
2023-03-13 11:00:01,054 [INFO] DbMcus:216 - Found 3772 MCUs, 3772 are supported
2023-03-13 11:00:01,059 [INFO] ApiDb:423 - Load user favorites file /Users/dominikpapp/.stm32cubeide/favorites.mcus.txt: 0 item(s)
2023-03-13 11:00:01,059 [INFO] ApiDb:427 - User favorites MCUs=[]
2023-03-13 11:00:01,059 [INFO] DbMcus:222 - Set 0 / 0 favorites MCUs
2023-03-13 11:00:01,309 [INFO] ApiDb:423 - Load user favorites file /Users/dominikpapp/.stm32cubeide/favorites.boards.txt: 0 item(s)
2023-03-13 11:00:01,309 [INFO] ApiDb:427 - User favorites Boards=[]
2023-03-13 11:00:01,312 [INFO] DbBoards:190 - Set 0 / 0 favorites Boards
2023-03-13 11:00:01,312 [INFO] McuFinderGlobals:66 - Set McuFinderConnectedMode to true
2023-03-13 11:00:01,340 [INFO] MultiScanPanel:200 - Auto-refresh data requested => check proxy status ongoing
2023-03-13 11:00:01,347 [INFO] FinderPluginLoader:95 - Searching for filters in installed packs
2023-03-13 11:00:02,398 [ERROR] LogOutputStream:75 - [STDERR_REDIRECT] SLF4J: Failed to load class "org.slf4j.impl.StaticLoggerBinder".
2023-03-13 11:00:02,400 [ERROR] LogOutputStream:75 - [STDERR_REDIRECT] SLF4J: Defaulting to no-operation (NOP) logger implementation
2023-03-13 11:00:02,400 [ERROR] LogOutputStream:75 - [STDERR_REDIRECT] SLF4J: See http://www.slf4j.org/codes.html#StaticLoggerBinder for further details.
2023-03-13 11:00:04,449 [INFO] LoadUrlFilesThread:185 - End of LoadServerUrlFiles without Thread
2023-03-13 11:00:04,479 [INFO] DetailPanel:341 - Set advertising image to /Users/dominikpapp/STM32Cube/Repository//en.prom-stm32h5-mcu-finder.jpg
2023-03-13 11:00:15,048 [INFO] MultiScanPanel:200 - Auto-refresh data requested => check proxy status ongoing
2023-03-13 11:00:16,413 [INFO] LoadUrlFilesThread:185 - End of LoadServerUrlFiles without Thread
2023-03-13 11:00:16,420 [INFO] DetailPanel:341 - Set advertising image to /Users/dominikpapp/STM32Cube/Repository//en.prom-stm32h5-mcu-finder.jpg
2023-03-13 11:01:10,478 [INFO] LoadUrlFilesThread:185 - End of LoadServerUrlFiles without Thread
2023-03-13 11:01:10,522 [INFO] McuAction:171 - Block Diagram
2023-03-13 11:01:13,061 [INFO] McuAction:76 - Docs & Resources
2023-03-13 11:02:00,073 [INFO] MainUpdater:2854 - connection check result : 10
2023-03-13 11:02:00,076 [INFO] MainUpdater:2854 - connection check result : 10
2023-03-13 11:02:08,431 [INFO] MicroXplorer:468 - Change Database Path : 
2023-03-13 11:02:08,431 [INFO] MicroXplorer:498 - Change Database Version : DB.6.0.80
2023-03-13 11:02:08,432 [WARN] ThirdParty:871 - waiting for thirdparty lock release [close project]
2023-03-13 11:02:08,432 [INFO] ThirdParty:873 - entering critical section [close project]
2023-03-13 11:02:08,440 [INFO] ThirdParty:883 - exiting critical section [close project]
2023-03-13 11:02:08,449 [INFO] PinOutPanel:1499 - setPackage(No Configuration,No Configuration)
2023-03-13 11:02:08,469 [INFO] UtilMem:75 - Begin LoadConfig() Used Memory: 423268192 Bytes (506462208)
2023-03-13 11:02:08,473 [INFO] MicroXplorer:468 - Change Database Path : 
2023-03-13 11:02:08,473 [INFO] MicroXplorer:498 - Change Database Version : DB.6.0.80
2023-03-13 11:02:08,473 [INFO] OpenFileManager:308 - Change cursor
2023-03-13 11:02:08,676 [INFO] Mcu:1937 - Initializing MCU STM32H750XBHx STM32H750XBHx 
2023-03-13 11:02:08,682 [INFO] Mcu:1950 - No CPN specified => set CPN to STM32H750XBH6
2023-03-13 11:02:17,266 [INFO] Context:659 - Trying to add GPIOservice into a context  which must be forbidden
2023-03-13 11:02:23,727 [INFO] ImportTextPane:194 - (OptionalMessage_ERROR) Unable to find key (Mcu.ThirdPartyNb) in loaded IOC file
2023-03-13 11:02:23,732 [INFO] ImportTextPane:194 - (OptionalMessage_ERROR) Unable to find key (Mcu.PinsNb) in loaded IOC file
2023-03-13 11:02:23,732 [INFO] ImportTextPane:194 - (OptionalMessage_ERROR) Unable to find key (Mcu.IPNb) in loaded IOC file
2023-03-13 11:02:24,184 [INFO] RtosManager:555 - Registered RTOS mode: class=CMSIS, group=RTOS, mode=CMSIS_V1, owner=FREERTOS
2023-03-13 11:02:24,186 [INFO] RtosManager:555 - Registered RTOS mode: class=CMSIS, group=RTOS2, mode=CMSIS_V2, owner=FREERTOS
2023-03-13 11:02:24,186 [INFO] RtosManager:555 - Registered RTOS mode: class=RTOS, group=Core, mode=CMSIS_V1, owner=FREERTOS
2023-03-13 11:02:24,186 [INFO] RtosManager:555 - Registered RTOS mode: class=RTOS, group=Core, mode=CMSIS_V2, owner=FREERTOS
2023-03-13 11:02:24,188 [WARN] ModelIntegratedComponent:184 - Missing modes for component STMicroelectronics:FreeRTOS:0.0.1:STMicroelectronics:RTOS:FreeRTOS:Core:::10.2.0:
2023-03-13 11:02:24,285 [WARN] ModelIntegratedComponent:63 - No mode defined for component null
2023-03-13 11:02:24,287 [WARN] ModelIntegratedComponent:63 - No mode defined for component null
2023-03-13 11:02:24,287 [WARN] ModelIntegratedComponent:63 - No mode defined for component null
2023-03-13 11:02:24,287 [WARN] ModelIntegratedComponent:63 - No mode defined for component null
2023-03-13 11:02:24,287 [WARN] ModelIntegratedComponent:63 - No mode defined for component null
2023-03-13 11:02:24,288 [WARN] ModelIntegratedComponent:63 - No mode defined for component null
2023-03-13 11:02:24,289 [WARN] ModelIntegratedComponent:63 - No mode defined for component null
2023-03-13 11:02:24,289 [WARN] ModelIntegratedComponent:63 - No mode defined for component null
2023-03-13 11:02:24,289 [WARN] ModelIntegratedComponent:63 - No mode defined for component null
2023-03-13 11:02:24,289 [WARN] ModelIntegratedComponent:63 - No mode defined for component null
2023-03-13 11:02:24,291 [WARN] ModelIntegratedComponent:63 - No mode defined for component null
2023-03-13 11:02:24,292 [WARN] ModelIntegratedComponent:63 - No mode defined for component null
2023-03-13 11:02:24,292 [WARN] ModelIntegratedComponent:63 - No mode defined for component null
2023-03-13 11:02:24,292 [WARN] ModelIntegratedComponent:63 - No mode defined for component null
2023-03-13 11:02:24,293 [WARN] ModelIntegratedComponent:63 - No mode defined for component null
2023-03-13 11:02:24,293 [WARN] ModelIntegratedComponent:63 - No mode defined for component null
2023-03-13 11:02:24,293 [WARN] ModelIntegratedComponent:63 - No mode defined for component null
2023-03-13 11:02:24,293 [WARN] ModelIntegratedComponent:63 - No mode defined for component null
2023-03-13 11:02:24,294 [WARN] ModelIntegratedComponent:63 - No mode defined for component null
2023-03-13 11:02:24,294 [WARN] ModelIntegratedComponent:63 - No mode defined for component null
2023-03-13 11:02:24,294 [WARN] ModelIntegratedComponent:63 - No mode defined for component null
2023-03-13 11:02:24,294 [WARN] ModelIntegratedComponent:63 - No mode defined for component null
2023-03-13 11:02:24,294 [WARN] ModelIntegratedComponent:63 - No mode defined for component null
2023-03-13 11:02:24,294 [WARN] ModelIntegratedComponent:63 - No mode defined for component null
2023-03-13 11:02:24,294 [WARN] ModelIntegratedComponent:63 - No mode defined for component null
2023-03-13 11:02:24,294 [WARN] ModelIntegratedComponent:63 - No mode defined for component null
2023-03-13 11:02:24,294 [WARN] ModelIntegratedComponent:63 - No mode defined for component null
2023-03-13 11:02:24,294 [WARN] ModelIntegratedComponent:63 - No mode defined for component null
2023-03-13 11:02:24,295 [WARN] ModelIntegratedComponent:63 - No mode defined for component null
2023-03-13 11:02:24,295 [WARN] ModelIntegratedComponent:63 - No mode defined for component null
2023-03-13 11:02:24,295 [WARN] ModelIntegratedComponent:63 - No mode defined for component null
2023-03-13 11:02:24,295 [WARN] ModelIntegratedComponent:63 - No mode defined for component null
2023-03-13 11:02:24,295 [WARN] ModelIntegratedComponent:63 - No mode defined for component null
2023-03-13 11:02:25,040 [INFO] ThirdPartyModel:298 - Start build external matchings
2023-03-13 11:02:26,828 [INFO] ThirdPartyModel:316 - End build external matchings
2023-03-13 11:02:30,393 [INFO] UtilMem:75 - End LoadConfig() Used Memory: 516564520 Bytes (602931200)
2023-03-13 11:02:30,512 [WARN] ThirdParty:833 - waiting for thirdparty lock release [change project]
2023-03-13 11:02:30,520 [INFO] ThirdParty:835 - entering critical section [change project]
2023-03-13 11:02:30,523 [INFO] ThirdParty:1030 - CMSIS Pack Vendor :STMicroelectronics X-CUBE-ISPU 1.1.0
2023-03-13 11:02:30,524 [INFO] ThirdParty:1030 - CMSIS Pack Vendor :RoweBots I-CUBE-UNISONRTOS 5.5.0-4
2023-03-13 11:02:30,524 [INFO] ThirdParty:1030 - CMSIS Pack Vendor :STMicroelectronics X-CUBE-GNSS1 6.0.0
2023-03-13 11:02:30,524 [INFO] ThirdParty:1030 - CMSIS Pack Vendor :STMicroelectronics USB_HOST 2.0.0
2023-03-13 11:02:30,524 [INFO] ThirdParty:1030 - CMSIS Pack Vendor :STMicroelectronics X-CUBE-AZRTOS-F4 1.1.0
2023-03-13 11:02:30,524 [INFO] ThirdParty:1030 - CMSIS Pack Vendor :STMicroelectronics LIBJPEG 8.0.0
2023-03-13 11:02:30,525 [INFO] ThirdParty:1030 - CMSIS Pack Vendor :STMicroelectronics USB_DEVICE 3.0.0
2023-03-13 11:02:30,525 [INFO] ThirdParty:1030 - CMSIS Pack Vendor :STMicroelectronics X-CUBE-AI 8.0.0
2023-03-13 11:02:30,525 [INFO] ThirdParty:1030 - CMSIS Pack Vendor :STMicroelectronics X-CUBE-FREERTOS 1.0.0
2023-03-13 11:02:30,525 [INFO] ThirdParty:1030 - CMSIS Pack Vendor :STMicroelectronics X-CUBE-TOUCHGFX 4.21.1
2023-03-13 11:02:30,525 [INFO] ThirdParty:1030 - CMSIS Pack Vendor :STMicroelectronics X-CUBE-AZRTOS-F7 1.1.0
2023-03-13 11:02:30,525 [INFO] ThirdParty:1030 - CMSIS Pack Vendor :STMicroelectronics USB_DEVICE 2.0.0
2023-03-13 11:02:30,525 [INFO] ThirdParty:1030 - CMSIS Pack Vendor :STMicroelectronics X-CUBE-ALGOBUILD 1.3.0
2023-03-13 11:02:30,525 [INFO] ThirdParty:1030 - CMSIS Pack Vendor :STMicroelectronics X-CUBE-BLE1 6.2.4
2023-03-13 11:02:30,525 [INFO] ThirdParty:1030 - CMSIS Pack Vendor :STMicroelectronics X-CUBE-AZRTOS-L5 1.1.0
2023-03-13 11:02:30,525 [INFO] ThirdParty:1030 - CMSIS Pack Vendor :STMicroelectronics FreeRTOS 0.0.1
2023-03-13 11:02:30,525 [INFO] ThirdParty:1030 - CMSIS Pack Vendor :emotas I-CUBE-CANOPEN 1.1.3
2023-03-13 11:02:30,525 [INFO] ThirdParty:1030 - CMSIS Pack Vendor :STMicroelectronics X-CUBE-AZRTOS-G0 1.1.0
2023-03-13 11:02:30,525 [INFO] ThirdParty:1030 - CMSIS Pack Vendor :STMicroelectronics X-CUBE-BLEMGR 2.0.0
2023-03-13 11:02:30,525 [INFO] ThirdParty:1030 - CMSIS Pack Vendor :STMicroelectronics X-CUBE-SUBG2 5.0.0
2023-03-13 11:02:30,525 [INFO] ThirdParty:1030 - CMSIS Pack Vendor :STMicroelectronics X-CUBE-NFC4 3.0.0
2023-03-13 11:02:30,525 [INFO] ThirdParty:1030 - CMSIS Pack Vendor :STMicroelectronics STM32_WPAN 1.0.0
2023-03-13 11:02:30,525 [INFO] ThirdParty:1030 - CMSIS Pack Vendor :STMicroelectronics lwIP 2.0.3
2023-03-13 11:02:30,525 [INFO] ThirdParty:1030 - CMSIS Pack Vendor :STMicroelectronics USB_HOST 1.0.0
2023-03-13 11:02:30,526 [INFO] ThirdParty:1030 - CMSIS Pack Vendor :STMicroelectronics PDM2PCM 3.1.0
2023-03-13 11:02:30,526 [INFO] ThirdParty:1030 - CMSIS Pack Vendor :STMicroelectronics FP-ATR-ASTRA1 1.1.1
2023-03-13 11:02:30,526 [INFO] ThirdParty:1030 - CMSIS Pack Vendor :STMicroelectronics PDM2PCM 3.3.0
2023-03-13 11:02:30,526 [INFO] ThirdParty:1030 - CMSIS Pack Vendor :STMicroelectronics X-CUBE-DISPLAY 3.0.0
2023-03-13 11:02:30,526 [INFO] ThirdParty:1030 - CMSIS Pack Vendor :STMicroelectronics X-CUBE-AZRTOS-G4 1.0.0
2023-03-13 11:02:30,526 [INFO] ThirdParty:1030 - CMSIS Pack Vendor :STMicroelectronics FP-ATR-SIGFOX1 3.2.0
2023-03-13 11:02:30,526 [INFO] ThirdParty:1030 - CMSIS Pack Vendor :wolfSSL I-CUBE-wolfSSL 5.5.4
2023-03-13 11:02:30,526 [INFO] ThirdParty:1030 - CMSIS Pack Vendor :STMicroelectronics X-CUBE-AZRTOS-L4 1.0.0
2023-03-13 11:02:30,527 [INFO] ThirdParty:1030 - CMSIS Pack Vendor :STMicroelectronics HAL Drivers 0.0.0
2023-03-13 11:02:30,527 [INFO] ThirdParty:1030 - CMSIS Pack Vendor :STMicroelectronics MBEDTLS 2.16.2
2023-03-13 11:02:30,527 [INFO] ThirdParty:1030 - CMSIS Pack Vendor :STMicroelectronics MBEDTLS 2.14.1
2023-03-13 11:02:30,527 [INFO] ThirdParty:1030 - CMSIS Pack Vendor :STMicroelectronics X-CUBE-NFC7 1.0.0
2023-03-13 11:02:30,527 [INFO] ThirdParty:1030 - CMSIS Pack Vendor :STMicroelectronics X-CUBE-AZRTOS-WL 1.0.0
2023-03-13 11:02:30,527 [INFO] ThirdParty:1030 - CMSIS Pack Vendor :STMicroelectronics X-CUBE-EEPRMA1 4.1.0
2023-03-13 11:02:30,527 [INFO] ThirdParty:1030 - CMSIS Pack Vendor :portGmbH I-Cube-SoM-uGOAL 1.1.0
2023-03-13 11:02:30,528 [INFO] ThirdParty:1030 - CMSIS Pack Vendor :STMicroelectronics X-CUBE-ALS 1.0.1
2023-03-13 11:02:30,528 [INFO] ThirdParty:1030 - CMSIS Pack Vendor :STMicroelectronics X-CUBE-MEMS1 9.5.0
2023-03-13 11:02:30,528 [INFO] ThirdParty:1030 - CMSIS Pack Vendor :STMicroelectronics ThreadX 1.0.0
2023-03-13 11:02:30,528 [INFO] ThirdParty:1030 - CMSIS Pack Vendor :STMicroelectronics X-CUBE-AZRTOS-WB 1.1.0
2023-03-13 11:02:30,528 [INFO] ThirdParty:1030 - CMSIS Pack Vendor :SEGGER I-CUBE-embOS 1.3.1
2023-03-13 11:02:30,528 [INFO] ThirdParty:1030 - CMSIS Pack Vendor :STMicroelectronics USB_DEVICE 1.0.0
2023-03-13 11:02:30,528 [INFO] ThirdParty:1030 - CMSIS Pack Vendor :STMicroelectronics ThreadX 0.0.2
2023-03-13 11:02:30,528 [INFO] ThirdParty:1030 - CMSIS Pack Vendor :WES I-CUBE-Cesium 1.3.0
2023-03-13 11:02:30,528 [INFO] ThirdParty:1030 - CMSIS Pack Vendor :STMicroelectronics lwIP 2.1.2
2023-03-13 11:02:30,528 [INFO] ThirdParty:1030 - CMSIS Pack Vendor :STMicroelectronics X-CUBE-SFXS2LP1 4.0.0
2023-03-13 11:02:30,528 [INFO] ThirdParty:1030 - CMSIS Pack Vendor :STMicroelectronics X-CUBE-BLE2 3.3.0
2023-03-13 11:02:30,528 [INFO] ThirdParty:1030 - CMSIS Pack Vendor :STMicroelectronics X-CUBE-TOF1 3.2.0
2023-03-13 11:02:30,529 [INFO] ThirdParty:1030 - CMSIS Pack Vendor :STMicroelectronics PDM2PCM 3.2.0
2023-03-13 11:02:30,529 [INFO] ThirdParty:1030 - CMSIS Pack Vendor :STMicroelectronics X-CUBE-AZRTOS-H7 3.0.0
2023-03-13 11:02:30,535 [INFO] ThirdParty:841 - exiting critical section [change project]
2023-03-13 11:02:33,368 [INFO] PinOutPanel:1499 - setPackage(No Configuration,No Configuration)
2023-03-13 11:02:33,382 [INFO] PinOutPanel:1499 - setPackage(STM32H750XBHx,TFBGA240)
2023-03-13 11:02:36,567 [INFO] UtilMem:75 - Before build in PCC Used Memory: 520431608 Bytes (602931200)
2023-03-13 11:02:39,406 [INFO] UtilMem:75 - After build in PCC Used Memory: 529677040 Bytes (602931200)
2023-03-13 11:02:39,864 [INFO] IPUIPlugin:80 - create IPUIPlugin
2023-03-13 11:02:39,872 [INFO] IPUIPlugin:80 - create IPUIPlugin
2023-03-13 11:02:39,880 [INFO] IPUIPlugin:80 - create IPUIPlugin
2023-03-13 11:02:39,889 [INFO] IPUIPlugin:80 - create IPUIPlugin
2023-03-13 11:02:39,891 [INFO] IPUIPlugin:80 - create IPUIPlugin
2023-03-13 11:02:39,895 [INFO] IPUIPlugin:80 - create IPUIPlugin
2023-03-13 11:02:39,897 [INFO] IPUIPlugin:80 - create IPUIPlugin
2023-03-13 11:02:39,899 [INFO] IPUIPlugin:80 - create IPUIPlugin
2023-03-13 11:02:39,900 [INFO] IPUIPlugin:80 - create IPUIPlugin
2023-03-13 11:02:39,900 [INFO] IPUIPlugin:80 - create IPUIPlugin
2023-03-13 11:02:39,901 [INFO] IPUIPlugin:80 - create IPUIPlugin
2023-03-13 11:02:39,901 [INFO] IPUIPlugin:80 - create IPUIPlugin
2023-03-13 11:02:39,901 [INFO] IPUIPlugin:80 - create IPUIPlugin
2023-03-13 11:02:39,902 [INFO] IPUIPlugin:80 - create IPUIPlugin
2023-03-13 11:02:39,902 [INFO] IPUIPlugin:80 - create IPUIPlugin
2023-03-13 11:02:39,924 [INFO] IPUIPlugin:80 - create IPUIPlugin
2023-03-13 11:02:39,925 [INFO] IPUIPlugin:80 - create IPUIPlugin
2023-03-13 11:02:39,925 [INFO] IPUIPlugin:80 - create IPUIPlugin
2023-03-13 11:02:39,926 [INFO] IPUIPlugin:80 - create IPUIPlugin
2023-03-13 11:02:39,926 [INFO] IPUIPlugin:80 - create IPUIPlugin
2023-03-13 11:02:39,926 [INFO] IPUIPlugin:80 - create IPUIPlugin
2023-03-13 11:02:39,927 [INFO] IPUIPlugin:80 - create IPUIPlugin
2023-03-13 11:02:39,928 [INFO] IPUIPlugin:80 - create IPUIPlugin
2023-03-13 11:02:39,929 [INFO] IPUIPlugin:80 - create IPUIPlugin
2023-03-13 11:02:39,932 [INFO] IPUIPlugin:80 - create IPUIPlugin
2023-03-13 11:02:39,933 [INFO] IPUIPlugin:80 - create IPUIPlugin
2023-03-13 11:02:39,934 [INFO] IPUIPlugin:80 - create IPUIPlugin
2023-03-13 11:02:39,935 [INFO] IPUIPlugin:80 - create IPUIPlugin
2023-03-13 11:02:39,935 [INFO] IPUIPlugin:80 - create IPUIPlugin
2023-03-13 11:02:39,936 [INFO] IPUIPlugin:80 - create IPUIPlugin
2023-03-13 11:02:39,936 [INFO] IPUIPlugin:80 - create IPUIPlugin
2023-03-13 11:02:39,936 [INFO] IPUIPlugin:80 - create IPUIPlugin
2023-03-13 11:02:39,937 [INFO] IPUIPlugin:80 - create IPUIPlugin
2023-03-13 11:02:39,937 [INFO] IPUIPlugin:80 - create IPUIPlugin
2023-03-13 11:02:39,939 [INFO] IPUIPlugin:80 - create IPUIPlugin
2023-03-13 11:02:39,941 [INFO] IPUIPlugin:80 - create IPUIPlugin
2023-03-13 11:02:39,941 [INFO] IPUIPlugin:80 - create IPUIPlugin
2023-03-13 11:02:39,946 [INFO] IPUIPlugin:80 - create IPUIPlugin
2023-03-13 11:02:39,946 [INFO] IPUIPlugin:80 - create IPUIPlugin
2023-03-13 11:02:39,947 [INFO] IPUIPlugin:80 - create IPUIPlugin
2023-03-13 11:02:39,947 [INFO] IPUIPlugin:80 - create IPUIPlugin
2023-03-13 11:02:39,947 [INFO] IPUIPlugin:80 - create IPUIPlugin
2023-03-13 11:02:39,948 [INFO] IPUIPlugin:80 - create IPUIPlugin
2023-03-13 11:02:39,949 [INFO] IPUIPlugin:80 - create IPUIPlugin
2023-03-13 11:02:39,949 [INFO] IPUIPlugin:80 - create IPUIPlugin
2023-03-13 11:02:39,950 [INFO] IPUIPlugin:80 - create IPUIPlugin
2023-03-13 11:02:39,951 [INFO] IPUIPlugin:80 - create IPUIPlugin
2023-03-13 11:02:39,951 [INFO] IPUIPlugin:80 - create IPUIPlugin
2023-03-13 11:02:39,952 [INFO] IPUIPlugin:80 - create IPUIPlugin
2023-03-13 11:02:39,952 [INFO] IPUIPlugin:80 - create IPUIPlugin
2023-03-13 11:02:39,952 [INFO] IPUIPlugin:80 - create IPUIPlugin
2023-03-13 11:02:39,953 [INFO] IPUIPlugin:80 - create IPUIPlugin
2023-03-13 11:02:39,953 [INFO] IPUIPlugin:80 - create IPUIPlugin
2023-03-13 11:02:39,954 [INFO] IPUIPlugin:80 - create IPUIPlugin
2023-03-13 11:02:39,954 [INFO] IPUIPlugin:80 - create IPUIPlugin
2023-03-13 11:02:39,955 [INFO] IPUIPlugin:80 - create IPUIPlugin
2023-03-13 11:02:39,955 [INFO] IPUIPlugin:80 - create IPUIPlugin
2023-03-13 11:02:39,956 [INFO] IPUIPlugin:80 - create IPUIPlugin
2023-03-13 11:02:39,956 [INFO] IPUIPlugin:80 - create IPUIPlugin
2023-03-13 11:02:39,957 [INFO] IPUIPlugin:80 - create IPUIPlugin
2023-03-13 11:02:39,957 [INFO] IPUIPlugin:80 - create IPUIPlugin
2023-03-13 11:02:39,958 [INFO] IPUIPlugin:80 - create IPUIPlugin
2023-03-13 11:02:39,959 [INFO] IPUIPlugin:80 - create IPUIPlugin
2023-03-13 11:02:39,959 [INFO] IPUIPlugin:80 - create IPUIPlugin
2023-03-13 11:02:39,959 [INFO] IPUIPlugin:80 - create IPUIPlugin
2023-03-13 11:02:39,959 [INFO] IPUIPlugin:80 - create IPUIPlugin
2023-03-13 11:02:39,959 [INFO] IPUIPlugin:80 - create IPUIPlugin
2023-03-13 11:02:39,960 [INFO] IPUIPlugin:80 - create IPUIPlugin
2023-03-13 11:02:39,960 [INFO] IPUIPlugin:80 - create IPUIPlugin
2023-03-13 11:02:39,961 [INFO] IPUIPlugin:80 - create IPUIPlugin
2023-03-13 11:02:39,961 [INFO] IPUIPlugin:80 - create IPUIPlugin
2023-03-13 11:02:39,962 [INFO] IPUIPlugin:80 - create IPUIPlugin
2023-03-13 11:02:39,962 [INFO] IPUIPlugin:80 - create IPUIPlugin
2023-03-13 11:02:39,962 [INFO] IPUIPlugin:80 - create IPUIPlugin
2023-03-13 11:02:39,962 [INFO] IPUIPlugin:80 - create IPUIPlugin
2023-03-13 11:02:39,962 [INFO] IPUIPlugin:80 - create IPUIPlugin
2023-03-13 11:02:39,962 [INFO] IPUIPlugin:80 - create IPUIPlugin
2023-03-13 11:02:39,963 [INFO] IPUIPlugin:80 - create IPUIPlugin
2023-03-13 11:02:39,963 [INFO] IPUIPlugin:80 - create IPUIPlugin
2023-03-13 11:02:39,963 [INFO] IPUIPlugin:80 - create IPUIPlugin
2023-03-13 11:02:39,963 [INFO] IPUIPlugin:80 - create IPUIPlugin
2023-03-13 11:02:39,963 [INFO] IPUIPlugin:80 - create IPUIPlugin
2023-03-13 11:02:39,964 [INFO] IPUIPlugin:80 - create IPUIPlugin
2023-03-13 11:02:39,964 [INFO] IPUIPlugin:80 - create IPUIPlugin
2023-03-13 11:02:39,964 [INFO] IPUIPlugin:80 - create IPUIPlugin
2023-03-13 11:02:39,965 [INFO] IPUIPlugin:80 - create IPUIPlugin
2023-03-13 11:02:39,965 [INFO] IPUIPlugin:80 - create IPUIPlugin
2023-03-13 11:02:39,966 [INFO] IPUIPlugin:80 - create IPUIPlugin
2023-03-13 11:02:39,967 [INFO] IPUIPlugin:80 - create IPUIPlugin
2023-03-13 11:02:39,968 [INFO] IPUIPlugin:80 - create IPUIPlugin
2023-03-13 11:02:39,968 [INFO] IPUIPlugin:80 - create IPUIPlugin
2023-03-13 11:02:39,969 [INFO] IPUIPlugin:80 - create IPUIPlugin
2023-03-13 11:02:39,969 [INFO] IPUIPlugin:80 - create IPUIPlugin
2023-03-13 11:02:39,970 [INFO] IPUIPlugin:80 - create IPUIPlugin
2023-03-13 11:02:39,971 [INFO] IPUIPlugin:80 - create IPUIPlugin
2023-03-13 11:02:39,972 [INFO] IPUIPlugin:80 - create IPUIPlugin
2023-03-13 11:02:39,974 [INFO] IPUIPlugin:80 - create IPUIPlugin
2023-03-13 11:02:39,975 [INFO] IPUIPlugin:80 - create IPUIPlugin
2023-03-13 11:02:39,976 [INFO] IPUIPlugin:80 - create IPUIPlugin
2023-03-13 11:02:40,088 [INFO] ApiDbMcu:507 - Load IP Config File for PDM2PCM
2023-03-13 11:02:40,690 [INFO] CADModel:165 - CPN selected for project levelSTM32H750XBH6
2023-03-13 11:02:40,690 [INFO] CADModel:114 - Register for checkConnection events
2023-03-13 11:02:40,742 [INFO] OpenFileManager:328 - Restore cursor
2023-03-13 11:02:42,833 [INFO] UtilMem:75 - End SaveConfig() Used Memory: 500296800 Bytes (602931200)
2023-03-13 11:02:43,006 [INFO] UtilMem:75 - End SaveConfig() Used Memory: 535404880 Bytes (602931200)
2023-03-13 11:02:44,479 [INFO] BlockDiagram:2759 - set Specific Code input for plugin: RCC
2023-03-13 11:02:44,480 [INFO] BlockDiagram:2759 - set Specific Code input for plugin: NVIC
2023-03-13 11:02:44,480 [INFO] BlockDiagram:2759 - set Specific Code input for plugin: CORTEX_M7
2023-03-13 11:02:44,483 [INFO] CodeGenerator:793 - code generatio: config db path: /Applications/STM32CubeIDE.app/Contents/Eclipse/plugins/com.st.stm32cube.common.mx_6.8.0.202302231600//db/
2023-03-13 11:02:46,044 [INFO] CodeEngine:255 - oldGeneratedFile, /Users/dominikpapp/Desktop/egyetem/6felev/nlab/IDE/BLINK/MXTmpFiles/license.tmp_save
2023-03-13 11:02:46,869 [INFO] CodeEngine:279 - Generated code: /Users/dominikpapp/Desktop/egyetem/6felev/nlab/IDE/BLINK/MXTmpFiles/license.tmp
2023-03-13 11:02:47,256 [INFO] CodeEngine:255 - oldGeneratedFile, /Users/dominikpapp/Desktop/egyetem/6felev/nlab/IDE/BLINK/MXTmpFiles/cortex.tmp_save
2023-03-13 11:02:47,785 [INFO] CodeEngine:279 - Generated code: /Users/dominikpapp/Desktop/egyetem/6felev/nlab/IDE/BLINK/MXTmpFiles/cortex.tmp
2023-03-13 11:02:47,820 [INFO] CodeEngine:255 - oldGeneratedFile, /Users/dominikpapp/Desktop/egyetem/6felev/nlab/IDE/BLINK/Core/Src/stm32h7xx_it.c_save
2023-03-13 11:02:48,427 [INFO] CodeEngine:279 - Generated code: /Users/dominikpapp/Desktop/egyetem/6felev/nlab/IDE/BLINK/Core/Src/stm32h7xx_it.c
2023-03-13 11:02:48,455 [INFO] CodeEngine:255 - oldGeneratedFile, /Users/dominikpapp/Desktop/egyetem/6felev/nlab/IDE/BLINK/Core/Inc/stm32h7xx_it.h_save
2023-03-13 11:02:49,139 [INFO] CodeEngine:279 - Generated code: /Users/dominikpapp/Desktop/egyetem/6felev/nlab/IDE/BLINK/Core/Inc/stm32h7xx_it.h
2023-03-13 11:02:49,735 [INFO] CodeEngine:255 - oldGeneratedFile, /Users/dominikpapp/Desktop/egyetem/6felev/nlab/IDE/BLINK/Core/Src/stm32h7xx_hal_msp.c_save
2023-03-13 11:02:50,087 [INFO] CodeEngine:279 - Generated code: /Users/dominikpapp/Desktop/egyetem/6felev/nlab/IDE/BLINK/Core/Src/stm32h7xx_hal_msp.c
2023-03-13 11:02:50,091 [INFO] CodeEngine:255 - oldGeneratedFile, /Users/dominikpapp/Desktop/egyetem/6felev/nlab/IDE/BLINK/MXTmpFiles/system.tmp_save
2023-03-13 11:02:50,263 [INFO] CodeEngine:279 - Generated code: /Users/dominikpapp/Desktop/egyetem/6felev/nlab/IDE/BLINK/MXTmpFiles/system.tmp
2023-03-13 11:02:50,277 [INFO] CodeEngine:311 - oldGeneratedFile, /Users/dominikpapp/Desktop/egyetem/6felev/nlab/IDE/BLINK/Core/Inc/stm32h7xx_hal_conf.h_save
2023-03-13 11:02:50,490 [INFO] CodeEngine:335 - Generated code: /Users/dominikpapp/Desktop/egyetem/6felev/nlab/IDE/BLINK/Core/Inc/stm32h7xx_hal_conf.h
2023-03-13 11:02:50,746 [INFO] CodeEngine:255 - oldGeneratedFile, /Users/dominikpapp/Desktop/egyetem/6felev/nlab/IDE/BLINK/Core/Inc/main.h_save
2023-03-13 11:02:51,220 [INFO] CodeEngine:279 - Generated code: /Users/dominikpapp/Desktop/egyetem/6felev/nlab/IDE/BLINK/Core/Inc/main.h
2023-03-13 11:02:51,229 [INFO] CodeEngine:255 - oldGeneratedFile, /Users/dominikpapp/Desktop/egyetem/6felev/nlab/IDE/BLINK/Core/Src/main.c_save
2023-03-13 11:02:51,948 [INFO] CodeEngine:279 - Generated code: /Users/dominikpapp/Desktop/egyetem/6felev/nlab/IDE/BLINK/Core/Src/main.c
2023-03-13 11:02:54,327 [INFO] ProjectBuilder:2996 - Time for Copy HAL[1] : 174mS.
2023-03-13 11:02:54,406 [INFO] ProjectBuilder:4304 - Project Generator version: 3.19.2
2023-03-13 11:02:55,435 [INFO] ConfigFileManager:1483 - The Die is : DIE450
2023-03-13 11:02:55,495 [INFO] ApiDbMcu:507 - Load IP Config File for FATFS
2023-03-13 11:02:55,538 [INFO] ApiDbMcu:507 - Load IP Config File for FREERTOS
2023-03-13 11:02:55,548 [INFO] ApiDbMcu:507 - Load IP Config File for LIBJPEG
2023-03-13 11:02:55,570 [INFO] ApiDbMcu:507 - Load IP Config File for LWIP
2023-03-13 11:02:55,584 [INFO] ApiDbMcu:507 - Load IP Config File for MBEDTLS
2023-03-13 11:02:55,634 [INFO] ApiDbMcu:507 - Load IP Config File for USB_DEVICE
2023-03-13 11:02:55,646 [INFO] ApiDbMcu:507 - Load IP Config File for USB_HOST
2023-03-13 11:02:58,381 [INFO] LogOutputStream:77 - [STDOUT_REDIRECT] 
2023-03-13 11:03:03,842 [INFO] ProjectBuilder:4505 - Time for Generating toolchain IDE Files: 9419mS.
2023-03-13 11:03:03,854 [INFO] ProjectBuilder:2867 - Time for Copy CMSIS : 3mS.
2023-03-13 11:03:03,858 [INFO] ProjectBuilder:2867 - Time for Copy CMSIS : 0mS.
2023-03-13 11:03:06,147 [INFO] McuFinderGlobals:66 - Set McuFinderConnectedMode to true
2023-03-13 11:03:06,185 [INFO] ApiDb:448 - Save user favorites file /Users/dominikpapp/.stm32cubeide/favorites.mcus.txt: 0 item(s)
2023-03-13 11:03:06,187 [INFO] ApiDb:452 - User favorites MCUs=[]
2023-03-13 11:03:06,218 [INFO] ApiDb:448 - Save user favorites file /Users/dominikpapp/.stm32cubeide/favorites.boards.txt: 0 item(s)
2023-03-13 11:03:06,219 [INFO] ApiDb:452 - User favorites Boards=[]
2023-03-13 11:15:02,396 [INFO] MainUpdater:2854 - connection check result : 10
2023-03-13 11:15:02,996 [INFO] McuFinderGlobals:66 - Set McuFinderConnectedMode to true
2023-03-13 11:15:03,002 [INFO] MultiScanPanel:200 - Auto-refresh data requested => check proxy status ongoing
2023-03-13 11:15:03,005 [INFO] FinderPluginLoader:95 - Searching for filters in installed packs
2023-03-13 11:15:03,974 [INFO] LoadUrlFilesThread:185 - End of LoadServerUrlFiles without Thread
2023-03-13 11:15:03,975 [INFO] DetailPanel:341 - Set advertising image to /Users/dominikpapp/STM32Cube/Repository//en.prom-stm32h5-mcu-finder.jpg
2023-03-13 11:15:07,778 [INFO] MultiScanPanel:200 - Auto-refresh data requested => check proxy status ongoing
2023-03-13 11:15:08,002 [INFO] LoadUrlFilesThread:185 - End of LoadServerUrlFiles without Thread
2023-03-13 11:15:08,005 [INFO] DetailPanel:341 - Set advertising image to /Users/dominikpapp/STM32Cube/Repository//en.prom-stm32h5-mcu-finder.jpg
2023-03-13 11:15:08,119 [INFO] MultiScanPanel:200 - Auto-refresh data requested => check proxy status ongoing
2023-03-13 11:15:08,228 [INFO] ApiDb:668 - CubeFinder database Data Model version=2.1
2023-03-13 11:15:08,228 [INFO] ApiDb:669 - CubeFinder database Configuration version=3.0.35
2023-03-13 11:15:08,228 [INFO] ApiDb:670 - CubeFinder database generation date=2023-02-21 (1676964986)
2023-03-13 11:15:08,229 [INFO] ApiDb:671 - CubeFinder database FW Pack versions=[FP-ATR-ASTRA1_V1.1.1, STM32Cube_FW_C0_V1.0.1, STM32Cube_FW_F0_V1.11.4, STM32Cube_FW_F3_V1.11.4, STM32Cube_FW_F4_V1.27.1, STM32Cube_FW_F7_V1.17.0, STM32Cube_FW_G0_V1.6.1, STM32Cube_FW_G4_V1.5.1, STM32Cube_FW_H5_V0.5.1, STM32Cube_FW_H5_V1.0.0, STM32Cube_FW_H7_V1.11.0, STM32Cube_FW_L0_V1.12.2, STM32Cube_FW_L5_V1.5.0, STM32Cube_FW_U5_V1.2.0, STM32Cube_FW_WBA_V1.0.0, STM32Cube_FW_WBA_V1.0.0RC1, STM32Cube_FW_WBA_V1.0.0RC3, STM32Cube_FW_WB_V1.15.0RC1, STM32Cube_FW_WB_V1.16.0, STM32Cube_FW_WB_V1.16.0RC2, STM32Cube_FW_WL_V1.3.0, X-CUBE-ALGOBUILD_V1.3.0, X-CUBE-ALS_V1.0.1, X-CUBE-AZRTOS-F4_V1.1.0, X-CUBE-AZRTOS-F7_V1.1.0, X-CUBE-AZRTOS-G0_V1.1.0, X-CUBE-AZRTOS-G4_V1.0.0, X-CUBE-AZRTOS-H7_V3.0.0, X-CUBE-AZRTOS-L4_V1.0.0, X-CUBE-AZRTOS-L5_V1.1.0, X-CUBE-AZRTOS-WB_V1.1.0, X-CUBE-AZRTOS-WL_V1.0.0, X-CUBE-BLE1_V6.2.4, X-CUBE-BLE2_V3.3.0, X-CUBE-BLEMGR_V1.3.0, X-CUBE-EEPRMA1_V4.1.0, X-CUBE-GNSS1_V6.0.0, X-CUBE-MEMS1_V9.1.0, X-CUBE-MEMS1_V9.4.0, X-CUBE-MEMS1_V9.5.0, X-CUBE-NFC4_V3.0.0, X-CUBE-NFC7_V1.0.0, X-CUBE-SFXS2LP1_V4.0.0, X-CUBE-SUBG2_V5.0.0]
2023-03-13 11:15:09,407 [INFO] DbExamplesSqlite:376 - Ignored 46 examples not supported by CubeIDE
2023-03-13 11:15:09,409 [INFO] DbExamplesSqlite:377 - Found 7328 examples active
2023-03-13 11:15:09,410 [INFO] DbExamplesSqlite:378 - Found 1095 examples obsolete
2023-03-13 11:15:09,410 [INFO] DbExamplesSqlite:379 - Found 0 examples under development
2023-03-13 11:15:09,411 [INFO] DbExamplesSqlite:380 - Found 77 examples not building
2023-03-13 11:15:09,415 [INFO] DbExamples:125 - Found 7359 examples
2023-03-13 11:15:09,467 [INFO] DbExamples:222 - Found 92 boards with related examples
2023-03-13 11:15:09,468 [INFO] DbExamples:235 - Found 78 MCUs with related examples
2023-03-13 11:15:09,494 [INFO] ApiDb:423 - Load user favorites file /Users/dominikpapp/.stm32cubeide/favorites.examples.txt: 0 item(s)
2023-03-13 11:15:09,494 [INFO] ApiDb:427 - User favorites Examples=[]
2023-03-13 11:15:09,497 [INFO] DbExamples:250 - Set 0 / 0 favorites Examples
2023-03-13 11:15:10,113 [INFO] SoftwarePacks:127 - Download is needed for SW pack 'FP-ATR-ASTRA1_V1.1.1'
2023-03-13 11:15:10,273 [INFO] SoftwarePacks:127 - Download is needed for SW pack 'STM32Cube_FW_C0_V1.0.1'
2023-03-13 11:15:10,288 [INFO] SoftwarePacks:127 - Download is needed for SW pack 'STM32Cube_FW_F4_V1.27.1'
2023-03-13 11:15:10,294 [INFO] SoftwarePacks:127 - Download is needed for SW pack 'STM32Cube_FW_F7_V1.17.0'
2023-03-13 11:15:10,295 [INFO] SoftwarePacks:127 - Download is needed for SW pack 'STM32Cube_FW_G0_V1.6.1'
2023-03-13 11:15:10,296 [INFO] SoftwarePacks:127 - Download is needed for SW pack 'STM32Cube_FW_G4_V1.5.1'
2023-03-13 11:15:10,297 [INFO] SoftwarePacks:127 - Download is needed for SW pack 'STM32Cube_FW_H5_V1.0.0'
2023-03-13 11:15:10,302 [INFO] SoftwarePacks:131 - Found SW pack 'STM32Cube_FW_H7_V1.11.0' up-to-date on disk.
2023-03-13 11:15:10,304 [INFO] SoftwarePacks:127 - Download is needed for SW pack 'STM32Cube_FW_L0_V1.12.2'
2023-03-13 11:15:10,305 [INFO] SoftwarePacks:127 - Download is needed for SW pack 'STM32Cube_FW_L5_V1.5.0'
2023-03-13 11:15:10,305 [INFO] SoftwarePacks:127 - Download is needed for SW pack 'STM32Cube_FW_U5_V1.2.0'
2023-03-13 11:15:10,306 [INFO] SoftwarePacks:127 - Download is needed for SW pack 'STM32Cube_FW_WBA_V1.0.0'
2023-03-13 11:15:10,307 [INFO] SoftwarePacks:127 - Download is needed for SW pack 'STM32Cube_FW_WB_V1.16.0'
2023-03-13 11:15:10,308 [INFO] SoftwarePacks:127 - Download is needed for SW pack 'STM32Cube_FW_WL_V1.3.0'
2023-03-13 11:15:10,308 [INFO] SoftwarePacks:127 - Download is needed for SW pack 'X-CUBE-ALGOBUILD_V1.3.0'
2023-03-13 11:15:10,308 [INFO] SoftwarePacks:127 - Download is needed for SW pack 'X-CUBE-ALS_V1.0.1'
2023-03-13 11:15:10,308 [INFO] SoftwarePacks:127 - Download is needed for SW pack 'X-CUBE-AZRTOS-F4_V1.1.0'
2023-03-13 11:15:10,308 [INFO] SoftwarePacks:127 - Download is needed for SW pack 'X-CUBE-AZRTOS-F7_V1.1.0'
2023-03-13 11:15:10,308 [INFO] SoftwarePacks:127 - Download is needed for SW pack 'X-CUBE-AZRTOS-G0_V1.1.0'
2023-03-13 11:15:10,309 [INFO] SoftwarePacks:127 - Download is needed for SW pack 'X-CUBE-AZRTOS-G4_V1.0.0'
2023-03-13 11:15:10,309 [INFO] SoftwarePacks:127 - Download is needed for SW pack 'X-CUBE-AZRTOS-H7_V3.0.0'
2023-03-13 11:15:10,309 [INFO] SoftwarePacks:127 - Download is needed for SW pack 'X-CUBE-AZRTOS-L4_V1.0.0'
2023-03-13 11:15:10,309 [INFO] SoftwarePacks:127 - Download is needed for SW pack 'X-CUBE-AZRTOS-L5_V1.1.0'
2023-03-13 11:15:10,309 [INFO] SoftwarePacks:127 - Download is needed for SW pack 'X-CUBE-AZRTOS-WB_V1.1.0'
2023-03-13 11:15:10,309 [INFO] SoftwarePacks:127 - Download is needed for SW pack 'X-CUBE-AZRTOS-WL_V1.0.0'
2023-03-13 11:15:10,309 [INFO] SoftwarePacks:127 - Download is needed for SW pack 'X-CUBE-BLE1_V6.2.4'
2023-03-13 11:15:10,309 [INFO] SoftwarePacks:127 - Download is needed for SW pack 'X-CUBE-BLE2_V3.3.0'
2023-03-13 11:15:10,309 [INFO] SoftwarePacks:127 - Download is needed for SW pack 'X-CUBE-BLEMGR_V1.3.0'
2023-03-13 11:15:10,309 [INFO] SoftwarePacks:127 - Download is needed for SW pack 'X-CUBE-EEPRMA1_V4.1.0'
2023-03-13 11:15:10,309 [INFO] SoftwarePacks:127 - Download is needed for SW pack 'X-CUBE-GNSS1_V6.0.0'
2023-03-13 11:15:10,309 [INFO] SoftwarePacks:127 - Download is needed for SW pack 'X-CUBE-MEMS1_V9.5.0'
2023-03-13 11:15:10,309 [INFO] SoftwarePacks:127 - Download is needed for SW pack 'X-CUBE-NFC4_V3.0.0'
2023-03-13 11:15:10,309 [INFO] SoftwarePacks:127 - Download is needed for SW pack 'X-CUBE-NFC7_V1.0.0'
2023-03-13 11:15:10,309 [INFO] SoftwarePacks:127 - Download is needed for SW pack 'X-CUBE-SFXS2LP1_V4.0.0'
2023-03-13 11:15:10,309 [INFO] SoftwarePacks:127 - Download is needed for SW pack 'X-CUBE-SUBG2_V5.0.0'
2023-03-13 11:15:11,865 [INFO] LoadUrlFilesThread:185 - End of LoadServerUrlFiles without Thread
2023-03-13 11:15:11,872 [INFO] DetailPanel:341 - Set advertising image to /Users/dominikpapp/STM32Cube/Repository//en.prom-stm32h5-mcu-finder.jpg
2023-03-13 11:15:51,249 [INFO] SoftwarePacks:190 - Size of SW pack 'STM32Cube_FW_H7_V1.11.0' is: 1054.72 MB
2023-03-13 11:15:51,255 [INFO] DbBoards:634 - Loading board mini-images...
2023-03-13 11:15:54,912 [INFO] DbBoards:657 - Loaded 187 board mini-images
2023-03-13 11:16:19,245 [INFO] ExampleToolKit:607 - [info] 2023/03/13 11:16:19
2023-03-13 11:16:19,251 [INFO] ExampleToolKit:657 - [info] Start Project: GPIO_IOToggle
2023-03-13 11:16:19,255 [WARN] ExampleToolKit:719 - [WARNING] IDE PROJECT 'SW4STM32' NOT FOUND
2023-03-13 11:16:19,256 [INFO] ExampleToolKit:751 - [info] Project path: /Users/dominikpapp/Desktop/egyetem/6felev/nlab/IDE/GPIO_IOToggle
2023-03-13 11:16:19,521 [WARN] ExampleToolKit:2088 - [WARNING] IDE PROJECT 'SW4STM32'NOT FOUND
2023-03-13 11:16:19,731 [INFO] ExampleToolKit:1004 - [info] SW Package located in: /Users/dominikpapp/STM32Cube/Repository/STM32Cube_FW_H7_V1.11.0
2023-03-13 11:16:19,732 [INFO] ExampleToolKit:1009 - [info] SW Package copy: LITE
2023-03-13 11:16:28,117 [INFO] ExampleToolKit:823 - [info] Project 'GPIO_IOToggle' installed successfully
2023-03-13 11:16:28,124 [INFO] ExampleToolKit:849 - [info] 2023/03/13 11:16:28
2023-03-13 11:16:28,192 [INFO] ExampleToolKit:968 - [info] Elapsed time: 0h 0m 8s 931ms
2023-03-13 11:16:36,602 [INFO] ExampleToolKit:607 - [info] 2023/03/13 11:16:36
2023-03-13 11:16:36,608 [INFO] ExampleToolKit:657 - [info] Start Project: GPIO_IOToggle
2023-03-13 11:16:36,611 [WARN] ExampleToolKit:719 - [WARNING] IDE PROJECT 'SW4STM32' NOT FOUND
2023-03-13 11:16:36,628 [ERROR] ExampleToolKit:742 - [WARNING] PROJECT ALREADY EXISTS: /Users/dominikpapp/Desktop/egyetem/6felev/nlab/IDE/GPIO_IOToggle
2023-03-13 11:16:43,410 [INFO] McuFinderGlobals:66 - Set McuFinderConnectedMode to true
2023-03-13 11:16:43,421 [INFO] ApiDb:448 - Save user favorites file /Users/dominikpapp/.stm32cubeide/favorites.mcus.txt: 0 item(s)
2023-03-13 11:16:43,421 [INFO] ApiDb:452 - User favorites MCUs=[]
2023-03-13 11:16:43,436 [INFO] ApiDb:448 - Save user favorites file /Users/dominikpapp/.stm32cubeide/favorites.boards.txt: 0 item(s)
2023-03-13 11:16:43,436 [INFO] ApiDb:452 - User favorites Boards=[]
2023-03-13 11:16:43,440 [INFO] ApiDb:448 - Save user favorites file /Users/dominikpapp/.stm32cubeide/favorites.examples.txt: 0 item(s)
2023-03-13 11:16:43,440 [INFO] ApiDb:452 - User favorites Examples=[]
